{"/home/ulises/IngSoftwareI/Proyecto/frontend/src/App.tsx": {"path":"/home/ulises/IngSoftwareI/Proyecto/frontend/src/App.tsx","all":true,"statementMap":{"0":{"start":{"line":1,"column":0},"end":{"line":1,"column":49}},"1":{"start":{"line":2,"column":0},"end":{"line":2,"column":53}},"3":{"start":{"line":4,"column":0},"end":{"line":4,"column":57}},"4":{"start":{"line":5,"column":0},"end":{"line":5,"column":60}},"5":{"start":{"line":6,"column":0},"end":{"line":6,"column":56}},"6":{"start":{"line":7,"column":0},"end":{"line":7,"column":45}},"7":{"start":{"line":8,"column":0},"end":{"line":8,"column":54}},"9":{"start":{"line":10,"column":0},"end":{"line":10,"column":31}},"10":{"start":{"line":11,"column":0},"end":{"line":11,"column":10}},"11":{"start":{"line":12,"column":0},"end":{"line":12,"column":12}},"13":{"start":{"line":14,"column":0},"end":{"line":14,"column":63}},"16":{"start":{"line":17,"column":0},"end":{"line":17,"column":73}},"19":{"start":{"line":20,"column":0},"end":{"line":20,"column":76}},"22":{"start":{"line":23,"column":0},"end":{"line":23,"column":63}},"25":{"start":{"line":26,"column":0},"end":{"line":26,"column":65}},"26":{"start":{"line":27,"column":0},"end":{"line":27,"column":13}},"28":{"start":{"line":29,"column":0},"end":{"line":29,"column":1}}},"s":{"0":0,"1":0,"3":0,"4":0,"5":0,"6":0,"7":0,"9":0,"10":0,"11":0,"13":0,"16":0,"19":0,"22":0,"25":0,"26":0,"28":0},"branchMap":{"0":{"type":"branch","line":1,"loc":{"start":{"line":1,"column":988},"end":{"line":29,"column":1}},"locations":[{"start":{"line":1,"column":988},"end":{"line":29,"column":1}}]}},"b":{"0":[0]},"fnMap":{"0":{"name":"(empty-report)","decl":{"start":{"line":1,"column":988},"end":{"line":29,"column":1}},"loc":{"start":{"line":1,"column":988},"end":{"line":29,"column":1}},"line":1}},"f":{"0":0}}
,"/home/ulises/IngSoftwareI/Proyecto/frontend/src/main.tsx": {"path":"/home/ulises/IngSoftwareI/Proyecto/frontend/src/main.tsx","all":true,"statementMap":{"0":{"start":{"line":1,"column":0},"end":{"line":1,"column":35}},"1":{"start":{"line":2,"column":0},"end":{"line":2,"column":46}},"2":{"start":{"line":3,"column":0},"end":{"line":3,"column":162}},"3":{"start":{"line":4,"column":0},"end":{"line":4,"column":21}},"4":{"start":{"line":5,"column":0},"end":{"line":5,"column":28}},"6":{"start":{"line":7,"column":0},"end":{"line":7,"column":52}},"7":{"start":{"line":8,"column":0},"end":{"line":8,"column":14}},"8":{"start":{"line":9,"column":0},"end":{"line":9,"column":19}},"9":{"start":{"line":10,"column":0},"end":{"line":10,"column":13}},"10":{"start":{"line":11,"column":0},"end":{"line":11,"column":20}},"11":{"start":{"line":12,"column":0},"end":{"line":12,"column":15}},"12":{"start":{"line":13,"column":0},"end":{"line":13,"column":2}}},"s":{"0":0,"1":0,"2":0,"3":0,"4":0,"6":0,"7":0,"8":0,"9":0,"10":0,"11":0,"12":0},"branchMap":{"0":{"type":"branch","line":1,"loc":{"start":{"line":1,"column":392},"end":{"line":13,"column":-170}},"locations":[{"start":{"line":1,"column":392},"end":{"line":13,"column":-170}}]}},"b":{"0":[0]},"fnMap":{"0":{"name":"(empty-report)","decl":{"start":{"line":1,"column":392},"end":{"line":13,"column":-170}},"loc":{"start":{"line":1,"column":392},"end":{"line":13,"column":-170}},"line":1}},"f":{"0":0}}
,"/home/ulises/IngSoftwareI/Proyecto/frontend/src/components/Button.tsx": {"path":"/home/ulises/IngSoftwareI/Proyecto/frontend/src/components/Button.tsx","all":false,"statementMap":{"0":{"start":{"line":1,"column":0},"end":{"line":1,"column":22}},"9":{"start":{"line":10,"column":0},"end":{"line":10,"column":32}},"10":{"start":{"line":11,"column":0},"end":{"line":11,"column":8}},"11":{"start":{"line":12,"column":0},"end":{"line":12,"column":10}},"12":{"start":{"line":13,"column":0},"end":{"line":13,"column":18}},"13":{"start":{"line":14,"column":0},"end":{"line":14,"column":19}},"14":{"start":{"line":15,"column":0},"end":{"line":15,"column":11}},"15":{"start":{"line":16,"column":0},"end":{"line":16,"column":10}},"16":{"start":{"line":17,"column":0},"end":{"line":17,"column":11}},"17":{"start":{"line":18,"column":0},"end":{"line":18,"column":31}},"18":{"start":{"line":19,"column":0},"end":{"line":19,"column":23}},"19":{"start":{"line":20,"column":0},"end":{"line":20,"column":17}},"20":{"start":{"line":21,"column":0},"end":{"line":21,"column":25}},"22":{"start":{"line":23,"column":0},"end":{"line":23,"column":13}},"23":{"start":{"line":24,"column":0},"end":{"line":24,"column":13}},"25":{"start":{"line":26,"column":0},"end":{"line":26,"column":1}}},"s":{"0":1,"9":228,"10":228,"11":228,"12":228,"13":228,"14":228,"15":228,"16":228,"17":228,"18":228,"19":228,"20":228,"22":228,"23":228,"25":228},"branchMap":{"0":{"type":"branch","line":10,"loc":{"start":{"line":10,"column":0},"end":{"line":26,"column":1}},"locations":[{"start":{"line":10,"column":0},"end":{"line":26,"column":1}}]}},"b":{"0":[228]},"fnMap":{"0":{"name":"Button","decl":{"start":{"line":10,"column":0},"end":{"line":26,"column":1}},"loc":{"start":{"line":10,"column":0},"end":{"line":26,"column":1}},"line":10}},"f":{"0":228}}
,"/home/ulises/IngSoftwareI/Proyecto/frontend/src/components/Decks.tsx": {"path":"/home/ulises/IngSoftwareI/Proyecto/frontend/src/components/Decks.tsx","all":false,"statementMap":{"0":{"start":{"line":1,"column":0},"end":{"line":1,"column":40}},"2":{"start":{"line":3,"column":0},"end":{"line":3,"column":21}},"3":{"start":{"line":4,"column":0},"end":{"line":4,"column":43}},"4":{"start":{"line":5,"column":0},"end":{"line":5,"column":35}},"10":{"start":{"line":11,"column":0},"end":{"line":11,"column":78}},"11":{"start":{"line":12,"column":0},"end":{"line":12,"column":77}},"12":{"start":{"line":13,"column":0},"end":{"line":13,"column":10}},"13":{"start":{"line":14,"column":0},"end":{"line":14,"column":27}},"14":{"start":{"line":15,"column":0},"end":{"line":15,"column":62}},"15":{"start":{"line":16,"column":0},"end":{"line":16,"column":60}},"16":{"start":{"line":17,"column":0},"end":{"line":17,"column":62}},"18":{"start":{"line":19,"column":0},"end":{"line":19,"column":59}},"19":{"start":{"line":20,"column":0},"end":{"line":20,"column":12}},"21":{"start":{"line":22,"column":0},"end":{"line":22,"column":73}},"22":{"start":{"line":23,"column":0},"end":{"line":23,"column":26}},"23":{"start":{"line":24,"column":0},"end":{"line":24,"column":48}},"24":{"start":{"line":25,"column":0},"end":{"line":25,"column":22}},"25":{"start":{"line":26,"column":0},"end":{"line":26,"column":41}},"26":{"start":{"line":27,"column":0},"end":{"line":27,"column":45}},"27":{"start":{"line":28,"column":0},"end":{"line":28,"column":26}},"28":{"start":{"line":29,"column":0},"end":{"line":29,"column":27}},"29":{"start":{"line":30,"column":0},"end":{"line":30,"column":39}},"30":{"start":{"line":31,"column":0},"end":{"line":31,"column":14}},"32":{"start":{"line":33,"column":0},"end":{"line":33,"column":18}},"33":{"start":{"line":34,"column":0},"end":{"line":34,"column":41}},"34":{"start":{"line":35,"column":0},"end":{"line":35,"column":45}},"35":{"start":{"line":36,"column":0},"end":{"line":36,"column":26}},"36":{"start":{"line":37,"column":0},"end":{"line":37,"column":27}},"37":{"start":{"line":38,"column":0},"end":{"line":38,"column":39}},"38":{"start":{"line":39,"column":0},"end":{"line":39,"column":14}},"41":{"start":{"line":42,"column":0},"end":{"line":42,"column":17}},"43":{"start":{"line":44,"column":0},"end":{"line":44,"column":12}},"44":{"start":{"line":45,"column":0},"end":{"line":45,"column":10}},"46":{"start":{"line":47,"column":0},"end":{"line":47,"column":1}}},"s":{"0":1,"2":1,"3":1,"4":1,"10":4,"11":4,"12":4,"13":4,"14":4,"15":4,"16":4,"18":4,"19":4,"21":4,"22":4,"23":2,"24":1,"25":1,"26":1,"27":1,"28":1,"29":1,"30":1,"32":1,"33":1,"34":1,"35":1,"36":1,"37":1,"38":1,"41":2,"43":4,"44":4,"46":4},"branchMap":{"0":{"type":"branch","line":11,"loc":{"start":{"line":11,"column":0},"end":{"line":47,"column":1}},"locations":[{"start":{"line":11,"column":0},"end":{"line":47,"column":1}}]},"1":{"type":"branch","line":12,"loc":{"start":{"line":12,"column":48},"end":{"line":12,"column":72}},"locations":[{"start":{"line":12,"column":48},"end":{"line":12,"column":72}}]},"2":{"type":"branch","line":12,"loc":{"start":{"line":12,"column":68},"end":{"line":12,"column":77}},"locations":[{"start":{"line":12,"column":68},"end":{"line":12,"column":77}}]},"3":{"type":"branch","line":23,"loc":{"start":{"line":23,"column":9},"end":{"line":39,"column":14}},"locations":[{"start":{"line":23,"column":9},"end":{"line":39,"column":14}}]},"4":{"type":"branch","line":24,"loc":{"start":{"line":24,"column":33},"end":{"line":31,"column":14}},"locations":[{"start":{"line":24,"column":33},"end":{"line":31,"column":14}}]},"5":{"type":"branch","line":31,"loc":{"start":{"line":31,"column":12},"end":{"line":39,"column":14}},"locations":[{"start":{"line":31,"column":12},"end":{"line":39,"column":14}}]},"6":{"type":"branch","line":39,"loc":{"start":{"line":39,"column":12},"end":{"line":42,"column":17}},"locations":[{"start":{"line":39,"column":12},"end":{"line":42,"column":17}}]}},"b":{"0":[4],"1":[2],"2":[2],"3":[2],"4":[1],"5":[1],"6":[2]},"fnMap":{"0":{"name":"Decks","decl":{"start":{"line":11,"column":0},"end":{"line":47,"column":1}},"loc":{"start":{"line":11,"column":0},"end":{"line":47,"column":1}},"line":11}},"f":{"0":4}}
,"/home/ulises/IngSoftwareI/Proyecto/frontend/src/components/DraftPile.tsx": {"path":"/home/ulises/IngSoftwareI/Proyecto/frontend/src/components/DraftPile.tsx","all":false,"statementMap":{"0":{"start":{"line":1,"column":0},"end":{"line":1,"column":33}},"1":{"start":{"line":2,"column":0},"end":{"line":2,"column":25}},"3":{"start":{"line":4,"column":0},"end":{"line":4,"column":43}},"4":{"start":{"line":5,"column":0},"end":{"line":5,"column":35}},"5":{"start":{"line":6,"column":0},"end":{"line":6,"column":30}},"14":{"start":{"line":15,"column":0},"end":{"line":15,"column":35}},"15":{"start":{"line":16,"column":0},"end":{"line":16,"column":8}},"16":{"start":{"line":17,"column":0},"end":{"line":17,"column":15}},"17":{"start":{"line":18,"column":0},"end":{"line":18,"column":15}},"18":{"start":{"line":19,"column":0},"end":{"line":19,"column":11}},"19":{"start":{"line":20,"column":0},"end":{"line":20,"column":20}},"20":{"start":{"line":21,"column":0},"end":{"line":21,"column":54}},"22":{"start":{"line":23,"column":0},"end":{"line":23,"column":33}},"23":{"start":{"line":24,"column":0},"end":{"line":24,"column":31}},"24":{"start":{"line":25,"column":0},"end":{"line":25,"column":4}},"26":{"start":{"line":27,"column":0},"end":{"line":27,"column":51}},"28":{"start":{"line":29,"column":0},"end":{"line":29,"column":10}},"29":{"start":{"line":30,"column":0},"end":{"line":30,"column":40}},"31":{"start":{"line":32,"column":0},"end":{"line":32,"column":23}},"32":{"start":{"line":33,"column":0},"end":{"line":33,"column":55}},"33":{"start":{"line":34,"column":0},"end":{"line":34,"column":64}},"34":{"start":{"line":35,"column":0},"end":{"line":35,"column":14}},"38":{"start":{"line":39,"column":0},"end":{"line":39,"column":10}},"39":{"start":{"line":40,"column":0},"end":{"line":40,"column":79}},"41":{"start":{"line":42,"column":0},"end":{"line":42,"column":70}},"42":{"start":{"line":43,"column":0},"end":{"line":43,"column":27}},"43":{"start":{"line":44,"column":0},"end":{"line":44,"column":35}},"44":{"start":{"line":45,"column":0},"end":{"line":45,"column":74}},"45":{"start":{"line":46,"column":0},"end":{"line":46,"column":24}},"46":{"start":{"line":47,"column":0},"end":{"line":47,"column":22}},"47":{"start":{"line":48,"column":0},"end":{"line":48,"column":38}},"48":{"start":{"line":49,"column":0},"end":{"line":49,"column":55}},"49":{"start":{"line":50,"column":0},"end":{"line":50,"column":49}},"50":{"start":{"line":51,"column":0},"end":{"line":51,"column":55}},"51":{"start":{"line":52,"column":0},"end":{"line":52,"column":66}},"53":{"start":{"line":54,"column":0},"end":{"line":54,"column":50}},"54":{"start":{"line":55,"column":0},"end":{"line":55,"column":32}},"55":{"start":{"line":56,"column":0},"end":{"line":56,"column":46}},"56":{"start":{"line":57,"column":0},"end":{"line":57,"column":36}},"57":{"start":{"line":58,"column":0},"end":{"line":58,"column":39}},"58":{"start":{"line":59,"column":0},"end":{"line":59,"column":40}},"59":{"start":{"line":60,"column":0},"end":{"line":60,"column":24}},"61":{"start":{"line":62,"column":0},"end":{"line":62,"column":28}},"62":{"start":{"line":63,"column":0},"end":{"line":63,"column":46}},"63":{"start":{"line":64,"column":0},"end":{"line":64,"column":36}},"64":{"start":{"line":65,"column":0},"end":{"line":65,"column":39}},"65":{"start":{"line":66,"column":0},"end":{"line":66,"column":40}},"66":{"start":{"line":67,"column":0},"end":{"line":67,"column":24}},"68":{"start":{"line":69,"column":0},"end":{"line":69,"column":24}},"70":{"start":{"line":71,"column":0},"end":{"line":71,"column":16}},"71":{"start":{"line":72,"column":0},"end":{"line":72,"column":55}},"72":{"start":{"line":73,"column":0},"end":{"line":73,"column":75}},"73":{"start":{"line":74,"column":0},"end":{"line":74,"column":17}},"74":{"start":{"line":75,"column":0},"end":{"line":75,"column":14}},"76":{"start":{"line":77,"column":0},"end":{"line":77,"column":24}},"77":{"start":{"line":78,"column":0},"end":{"line":78,"column":46}},"78":{"start":{"line":79,"column":0},"end":{"line":79,"column":63}},"79":{"start":{"line":80,"column":0},"end":{"line":80,"column":16}},"81":{"start":{"line":82,"column":0},"end":{"line":82,"column":12}},"82":{"start":{"line":83,"column":0},"end":{"line":83,"column":10}},"84":{"start":{"line":85,"column":0},"end":{"line":85,"column":1}}},"s":{"0":1,"1":1,"3":1,"4":1,"5":1,"14":8,"15":8,"16":8,"17":8,"18":8,"19":8,"20":8,"22":8,"23":2,"24":2,"26":8,"28":8,"29":8,"31":8,"32":7,"33":7,"34":7,"38":8,"39":8,"41":8,"42":8,"43":7,"44":14,"45":14,"46":14,"47":14,"48":14,"49":14,"50":14,"51":14,"53":14,"54":7,"55":7,"56":7,"57":7,"58":7,"59":7,"61":7,"62":7,"63":7,"64":7,"65":7,"66":7,"68":14,"70":7,"71":1,"72":3,"73":1,"74":8,"76":8,"77":1,"78":1,"79":1,"81":8,"82":8,"84":8},"branchMap":{"0":{"type":"branch","line":15,"loc":{"start":{"line":15,"column":0},"end":{"line":85,"column":1}},"locations":[{"start":{"line":15,"column":0},"end":{"line":85,"column":1}}]},"1":{"type":"branch","line":27,"loc":{"start":{"line":27,"column":19},"end":{"line":27,"column":42}},"locations":[{"start":{"line":27,"column":19},"end":{"line":27,"column":42}}]},"2":{"type":"branch","line":27,"loc":{"start":{"line":27,"column":32},"end":{"line":27,"column":51}},"locations":[{"start":{"line":27,"column":32},"end":{"line":27,"column":51}}]},"3":{"type":"branch","line":32,"loc":{"start":{"line":32,"column":8},"end":{"line":35,"column":14}},"locations":[{"start":{"line":32,"column":8},"end":{"line":35,"column":14}}]},"4":{"type":"branch","line":40,"loc":{"start":{"line":40,"column":43},"end":{"line":40,"column":74}},"locations":[{"start":{"line":40,"column":43},"end":{"line":40,"column":74}}]},"5":{"type":"branch","line":40,"loc":{"start":{"line":40,"column":56},"end":{"line":40,"column":76}},"locations":[{"start":{"line":40,"column":56},"end":{"line":40,"column":76}}]},"6":{"type":"branch","line":42,"loc":{"start":{"line":42,"column":38},"end":{"line":42,"column":64}},"locations":[{"start":{"line":42,"column":38},"end":{"line":42,"column":64}}]},"7":{"type":"branch","line":42,"loc":{"start":{"line":42,"column":51},"end":{"line":42,"column":66}},"locations":[{"start":{"line":42,"column":51},"end":{"line":42,"column":66}}]},"8":{"type":"branch","line":43,"loc":{"start":{"line":43,"column":26},"end":{"line":71,"column":16}},"locations":[{"start":{"line":43,"column":26},"end":{"line":71,"column":16}}]},"9":{"type":"branch","line":71,"loc":{"start":{"line":71,"column":15},"end":{"line":74,"column":17}},"locations":[{"start":{"line":71,"column":15},"end":{"line":74,"column":17}}]},"10":{"type":"branch","line":77,"loc":{"start":{"line":77,"column":9},"end":{"line":80,"column":16}},"locations":[{"start":{"line":77,"column":9},"end":{"line":80,"column":16}}]},"11":{"type":"branch","line":23,"loc":{"start":{"line":23,"column":26},"end":{"line":25,"column":4}},"locations":[{"start":{"line":23,"column":26},"end":{"line":25,"column":4}}]},"12":{"type":"branch","line":44,"loc":{"start":{"line":44,"column":24},"end":{"line":71,"column":15}},"locations":[{"start":{"line":44,"column":24},"end":{"line":71,"column":15}}]},"13":{"type":"branch","line":45,"loc":{"start":{"line":45,"column":52},"end":{"line":45,"column":74}},"locations":[{"start":{"line":45,"column":52},"end":{"line":45,"column":74}}]},"14":{"type":"branch","line":50,"loc":{"start":{"line":50,"column":22},"end":{"line":50,"column":47}},"locations":[{"start":{"line":50,"column":22},"end":{"line":50,"column":47}}]},"15":{"type":"branch","line":50,"loc":{"start":{"line":50,"column":33},"end":{"line":50,"column":49}},"locations":[{"start":{"line":50,"column":33},"end":{"line":50,"column":49}}]},"16":{"type":"branch","line":51,"loc":{"start":{"line":51,"column":24},"end":{"line":51,"column":50}},"locations":[{"start":{"line":51,"column":24},"end":{"line":51,"column":50}}]},"17":{"type":"branch","line":51,"loc":{"start":{"line":51,"column":37},"end":{"line":51,"column":52}},"locations":[{"start":{"line":51,"column":37},"end":{"line":51,"column":52}}]},"18":{"type":"branch","line":54,"loc":{"start":{"line":54,"column":35},"end":{"line":60,"column":24}},"locations":[{"start":{"line":54,"column":35},"end":{"line":60,"column":24}}]},"19":{"type":"branch","line":60,"loc":{"start":{"line":60,"column":22},"end":{"line":67,"column":24}},"locations":[{"start":{"line":60,"column":22},"end":{"line":67,"column":24}}]},"20":{"type":"branch","line":52,"loc":{"start":{"line":52,"column":29},"end":{"line":52,"column":66}},"locations":[{"start":{"line":52,"column":29},"end":{"line":52,"column":66}}]},"21":{"type":"branch","line":52,"loc":{"start":{"line":52,"column":35},"end":{"line":52,"column":66}},"locations":[{"start":{"line":52,"column":35},"end":{"line":52,"column":66}}]},"22":{"type":"branch","line":72,"loc":{"start":{"line":72,"column":44},"end":{"line":73,"column":75}},"locations":[{"start":{"line":72,"column":44},"end":{"line":73,"column":75}}]}},"b":{"0":[8],"1":[1],"2":[7],"3":[7],"4":[1],"5":[7],"6":[1],"7":[7],"8":[7],"9":[1],"10":[1],"11":[2],"12":[14],"13":[2],"14":[12],"15":[2],"16":[1],"17":[13],"18":[7],"19":[7],"20":[2],"21":[1],"22":[3]},"fnMap":{"0":{"name":"DraftPile","decl":{"start":{"line":15,"column":0},"end":{"line":85,"column":1}},"loc":{"start":{"line":15,"column":0},"end":{"line":85,"column":1}},"line":15},"1":{"name":"toggleExpansion","decl":{"start":{"line":23,"column":26},"end":{"line":25,"column":4}},"loc":{"start":{"line":23,"column":26},"end":{"line":25,"column":4}},"line":23},"2":{"name":"onClick","decl":{"start":{"line":52,"column":29},"end":{"line":52,"column":66}},"loc":{"start":{"line":52,"column":29},"end":{"line":52,"column":66}},"line":52}},"f":{"0":8,"1":2,"2":2}}
,"/home/ulises/IngSoftwareI/Proyecto/frontend/src/components/InputField.tsx": {"path":"/home/ulises/IngSoftwareI/Proyecto/frontend/src/components/InputField.tsx","all":false,"statementMap":{"0":{"start":{"line":1,"column":0},"end":{"line":1,"column":26}},"13":{"start":{"line":14,"column":0},"end":{"line":14,"column":36}},"14":{"start":{"line":15,"column":0},"end":{"line":15,"column":5}},"15":{"start":{"line":16,"column":0},"end":{"line":16,"column":14}},"16":{"start":{"line":17,"column":0},"end":{"line":17,"column":16}},"17":{"start":{"line":18,"column":0},"end":{"line":18,"column":8}},"18":{"start":{"line":19,"column":0},"end":{"line":19,"column":12}},"19":{"start":{"line":20,"column":0},"end":{"line":20,"column":11}},"20":{"start":{"line":21,"column":0},"end":{"line":21,"column":16}},"21":{"start":{"line":22,"column":0},"end":{"line":22,"column":11}},"22":{"start":{"line":23,"column":0},"end":{"line":23,"column":10}},"23":{"start":{"line":24,"column":0},"end":{"line":24,"column":10}},"24":{"start":{"line":25,"column":0},"end":{"line":25,"column":13}},"25":{"start":{"line":26,"column":0},"end":{"line":26,"column":61}},"26":{"start":{"line":27,"column":0},"end":{"line":27,"column":17}},"27":{"start":{"line":28,"column":0},"end":{"line":28,"column":31}},"28":{"start":{"line":29,"column":0},"end":{"line":29,"column":19}},"29":{"start":{"line":30,"column":0},"end":{"line":30,"column":27}},"30":{"start":{"line":31,"column":0},"end":{"line":31,"column":25}},"31":{"start":{"line":32,"column":0},"end":{"line":32,"column":6}},"33":{"start":{"line":34,"column":0},"end":{"line":34,"column":1}}},"s":{"0":1,"13":325,"14":325,"15":325,"16":325,"17":325,"18":325,"19":325,"20":325,"21":325,"22":325,"23":325,"24":325,"25":325,"26":325,"27":325,"28":325,"29":325,"30":325,"31":325,"33":325},"branchMap":{"0":{"type":"branch","line":14,"loc":{"start":{"line":14,"column":0},"end":{"line":34,"column":1}},"locations":[{"start":{"line":14,"column":0},"end":{"line":34,"column":1}}]},"1":{"type":"branch","line":26,"loc":{"start":{"line":26,"column":32},"end":{"line":26,"column":56}},"locations":[{"start":{"line":26,"column":32},"end":{"line":26,"column":56}}]},"2":{"type":"branch","line":26,"loc":{"start":{"line":26,"column":40},"end":{"line":26,"column":58}},"locations":[{"start":{"line":26,"column":40},"end":{"line":26,"column":58}}]}},"b":{"0":[325],"1":[14],"2":[311]},"fnMap":{"0":{"name":"InputField","decl":{"start":{"line":14,"column":0},"end":{"line":34,"column":1}},"loc":{"start":{"line":14,"column":0},"end":{"line":34,"column":1}},"line":14}},"f":{"0":325}}
,"/home/ulises/IngSoftwareI/Proyecto/frontend/src/components/MyHand.tsx": {"path":"/home/ulises/IngSoftwareI/Proyecto/frontend/src/components/MyHand.tsx","all":false,"statementMap":{"1":{"start":{"line":2,"column":0},"end":{"line":2,"column":43}},"2":{"start":{"line":3,"column":0},"end":{"line":3,"column":35}},"3":{"start":{"line":4,"column":0},"end":{"line":4,"column":36}},"4":{"start":{"line":5,"column":0},"end":{"line":5,"column":28}},"5":{"start":{"line":6,"column":0},"end":{"line":6,"column":22}},"20":{"start":{"line":21,"column":0},"end":{"line":21,"column":29}},"21":{"start":{"line":22,"column":0},"end":{"line":22,"column":9}},"22":{"start":{"line":23,"column":0},"end":{"line":23,"column":18}},"23":{"start":{"line":24,"column":0},"end":{"line":24,"column":18}},"24":{"start":{"line":25,"column":0},"end":{"line":25,"column":15}},"25":{"start":{"line":26,"column":0},"end":{"line":26,"column":11}},"26":{"start":{"line":27,"column":0},"end":{"line":27,"column":16}},"27":{"start":{"line":28,"column":0},"end":{"line":28,"column":17}},"28":{"start":{"line":29,"column":0},"end":{"line":29,"column":24}},"29":{"start":{"line":30,"column":0},"end":{"line":30,"column":14}},"30":{"start":{"line":31,"column":0},"end":{"line":31,"column":51}},"31":{"start":{"line":32,"column":0},"end":{"line":32,"column":26}},"32":{"start":{"line":33,"column":0},"end":{"line":33,"column":4}},"34":{"start":{"line":35,"column":0},"end":{"line":35,"column":10}},"35":{"start":{"line":36,"column":0},"end":{"line":36,"column":25}},"36":{"start":{"line":37,"column":0},"end":{"line":37,"column":62}},"37":{"start":{"line":38,"column":0},"end":{"line":38,"column":21}},"38":{"start":{"line":39,"column":0},"end":{"line":39,"column":12}},"40":{"start":{"line":41,"column":0},"end":{"line":41,"column":46}},"41":{"start":{"line":42,"column":0},"end":{"line":42,"column":37}},"42":{"start":{"line":43,"column":0},"end":{"line":43,"column":43}},"43":{"start":{"line":44,"column":0},"end":{"line":44,"column":31}},"44":{"start":{"line":45,"column":0},"end":{"line":45,"column":68}},"45":{"start":{"line":46,"column":0},"end":{"line":46,"column":20}},"46":{"start":{"line":47,"column":0},"end":{"line":47,"column":21}},"47":{"start":{"line":48,"column":0},"end":{"line":48,"column":38}},"48":{"start":{"line":49,"column":0},"end":{"line":49,"column":44}},"49":{"start":{"line":50,"column":0},"end":{"line":50,"column":27}},"50":{"start":{"line":51,"column":0},"end":{"line":51,"column":43}},"51":{"start":{"line":52,"column":0},"end":{"line":52,"column":42}},"52":{"start":{"line":53,"column":0},"end":{"line":53,"column":46}},"53":{"start":{"line":54,"column":0},"end":{"line":54,"column":28}},"54":{"start":{"line":55,"column":0},"end":{"line":55,"column":74}},"55":{"start":{"line":56,"column":0},"end":{"line":56,"column":79}},"56":{"start":{"line":57,"column":0},"end":{"line":57,"column":16}},"58":{"start":{"line":59,"column":0},"end":{"line":59,"column":13}},"59":{"start":{"line":60,"column":0},"end":{"line":60,"column":14}},"61":{"start":{"line":62,"column":0},"end":{"line":62,"column":36}},"62":{"start":{"line":63,"column":0},"end":{"line":63,"column":39}},"63":{"start":{"line":64,"column":0},"end":{"line":64,"column":56}},"65":{"start":{"line":66,"column":0},"end":{"line":66,"column":30}},"66":{"start":{"line":67,"column":0},"end":{"line":67,"column":55}},"67":{"start":{"line":68,"column":0},"end":{"line":68,"column":53}},"69":{"start":{"line":70,"column":0},"end":{"line":70,"column":48}},"70":{"start":{"line":71,"column":0},"end":{"line":71,"column":24}},"71":{"start":{"line":72,"column":0},"end":{"line":72,"column":34}},"72":{"start":{"line":73,"column":0},"end":{"line":73,"column":38}},"73":{"start":{"line":74,"column":0},"end":{"line":74,"column":28}},"74":{"start":{"line":75,"column":0},"end":{"line":75,"column":30}},"75":{"start":{"line":76,"column":0},"end":{"line":76,"column":29}},"76":{"start":{"line":77,"column":0},"end":{"line":77,"column":44}},"77":{"start":{"line":78,"column":0},"end":{"line":78,"column":49}},"78":{"start":{"line":79,"column":0},"end":{"line":79,"column":31}},"80":{"start":{"line":81,"column":0},"end":{"line":81,"column":39}},"81":{"start":{"line":82,"column":0},"end":{"line":82,"column":32}},"82":{"start":{"line":83,"column":0},"end":{"line":83,"column":16}},"84":{"start":{"line":85,"column":0},"end":{"line":85,"column":20}},"85":{"start":{"line":86,"column":0},"end":{"line":86,"column":34}},"86":{"start":{"line":87,"column":0},"end":{"line":87,"column":38}},"87":{"start":{"line":88,"column":0},"end":{"line":88,"column":28}},"88":{"start":{"line":89,"column":0},"end":{"line":89,"column":30}},"89":{"start":{"line":90,"column":0},"end":{"line":90,"column":29}},"90":{"start":{"line":91,"column":0},"end":{"line":91,"column":44}},"91":{"start":{"line":92,"column":0},"end":{"line":92,"column":49}},"92":{"start":{"line":93,"column":0},"end":{"line":93,"column":31}},"94":{"start":{"line":95,"column":0},"end":{"line":95,"column":39}},"95":{"start":{"line":96,"column":0},"end":{"line":96,"column":32}},"96":{"start":{"line":97,"column":0},"end":{"line":97,"column":16}},"98":{"start":{"line":99,"column":0},"end":{"line":99,"column":13}},"99":{"start":{"line":100,"column":0},"end":{"line":100,"column":14}},"100":{"start":{"line":101,"column":0},"end":{"line":101,"column":12}},"102":{"start":{"line":103,"column":0},"end":{"line":103,"column":32}},"103":{"start":{"line":104,"column":0},"end":{"line":104,"column":35}},"104":{"start":{"line":105,"column":0},"end":{"line":105,"column":14}},"105":{"start":{"line":106,"column":0},"end":{"line":106,"column":33}},"106":{"start":{"line":107,"column":0},"end":{"line":107,"column":37}},"107":{"start":{"line":108,"column":0},"end":{"line":108,"column":31}},"108":{"start":{"line":109,"column":0},"end":{"line":109,"column":27}},"109":{"start":{"line":110,"column":0},"end":{"line":110,"column":33}},"110":{"start":{"line":111,"column":0},"end":{"line":111,"column":30}},"111":{"start":{"line":112,"column":0},"end":{"line":112,"column":12}},"112":{"start":{"line":113,"column":0},"end":{"line":113,"column":11}},"113":{"start":{"line":114,"column":0},"end":{"line":114,"column":12}},"114":{"start":{"line":115,"column":0},"end":{"line":115,"column":10}},"116":{"start":{"line":117,"column":0},"end":{"line":117,"column":1}}},"s":{"1":1,"2":1,"3":1,"4":1,"5":1,"20":25,"21":25,"22":25,"23":25,"24":25,"25":25,"26":25,"27":25,"28":25,"29":25,"30":25,"31":6,"32":6,"34":25,"35":25,"36":25,"37":25,"38":25,"40":25,"41":25,"42":25,"43":16,"44":16,"45":16,"46":16,"47":16,"48":16,"49":16,"50":16,"51":16,"52":16,"53":16,"54":16,"55":16,"56":16,"58":25,"59":25,"61":25,"62":25,"63":60,"65":52,"66":52,"67":48,"69":60,"70":32,"71":32,"72":32,"73":32,"74":32,"75":32,"76":32,"77":32,"78":0,"80":32,"81":32,"82":32,"84":20,"85":20,"86":20,"87":20,"88":20,"89":20,"90":20,"91":20,"92":0,"94":20,"95":20,"96":20,"98":25,"99":25,"100":25,"102":25,"103":25,"104":8,"105":8,"106":8,"107":8,"108":8,"109":8,"110":8,"111":8,"112":25,"113":25,"114":25,"116":25},"branchMap":{"0":{"type":"branch","line":21,"loc":{"start":{"line":21,"column":0},"end":{"line":117,"column":1}},"locations":[{"start":{"line":21,"column":0},"end":{"line":117,"column":1}}]},"1":{"type":"branch","line":37,"loc":{"start":{"line":37,"column":34},"end":{"line":37,"column":56}},"locations":[{"start":{"line":37,"column":34},"end":{"line":37,"column":56}}]},"2":{"type":"branch","line":37,"loc":{"start":{"line":37,"column":45},"end":{"line":37,"column":58}},"locations":[{"start":{"line":37,"column":45},"end":{"line":37,"column":58}}]},"3":{"type":"branch","line":31,"loc":{"start":{"line":31,"column":26},"end":{"line":33,"column":4}},"locations":[{"start":{"line":31,"column":26},"end":{"line":33,"column":4}}]},"4":{"type":"branch","line":43,"loc":{"start":{"line":43,"column":30},"end":{"line":59,"column":11}},"locations":[{"start":{"line":43,"column":30},"end":{"line":59,"column":11}}]},"5":{"type":"branch","line":45,"loc":{"start":{"line":45,"column":14},"end":{"line":45,"column":51}},"locations":[{"start":{"line":45,"column":14},"end":{"line":45,"column":51}}]},"6":{"type":"branch","line":45,"loc":{"start":{"line":45,"column":26},"end":{"line":45,"column":68}},"locations":[{"start":{"line":45,"column":26},"end":{"line":45,"column":68}}]},"7":{"type":"branch","line":55,"loc":{"start":{"line":55,"column":48},"end":{"line":55,"column":74}},"locations":[{"start":{"line":55,"column":48},"end":{"line":55,"column":74}}]},"8":{"type":"branch","line":56,"loc":{"start":{"line":56,"column":25},"end":{"line":56,"column":69}},"locations":[{"start":{"line":56,"column":25},"end":{"line":56,"column":69}}]},"9":{"type":"branch","line":56,"loc":{"start":{"line":56,"column":65},"end":{"line":56,"column":79}},"locations":[{"start":{"line":56,"column":65},"end":{"line":56,"column":79}}]},"10":{"type":"branch","line":56,"loc":{"start":{"line":56,"column":39},"end":{"line":56,"column":69}},"locations":[{"start":{"line":56,"column":39},"end":{"line":56,"column":69}}]},"11":{"type":"branch","line":63,"loc":{"start":{"line":63,"column":28},"end":{"line":99,"column":11}},"locations":[{"start":{"line":63,"column":28},"end":{"line":99,"column":11}}]},"12":{"type":"branch","line":64,"loc":{"start":{"line":64,"column":44},"end":{"line":64,"column":56}},"locations":[{"start":{"line":64,"column":44},"end":{"line":64,"column":56}}]},"13":{"type":"branch","line":64,"loc":{"start":{"line":64,"column":51},"end":{"line":68,"column":53}},"locations":[{"start":{"line":64,"column":51},"end":{"line":68,"column":53}}]},"14":{"type":"branch","line":67,"loc":{"start":{"line":67,"column":51},"end":{"line":68,"column":53}},"locations":[{"start":{"line":67,"column":51},"end":{"line":68,"column":53}}]},"15":{"type":"branch","line":68,"loc":{"start":{"line":68,"column":14},"end":{"line":68,"column":40}},"locations":[{"start":{"line":68,"column":14},"end":{"line":68,"column":40}}]},"16":{"type":"branch","line":70,"loc":{"start":{"line":70,"column":33},"end":{"line":83,"column":16}},"locations":[{"start":{"line":70,"column":33},"end":{"line":83,"column":16}}]},"17":{"type":"branch","line":78,"loc":{"start":{"line":78,"column":48},"end":{"line":79,"column":31}},"locations":[{"start":{"line":78,"column":48},"end":{"line":79,"column":31}}]},"18":{"type":"branch","line":83,"loc":{"start":{"line":83,"column":14},"end":{"line":97,"column":16}},"locations":[{"start":{"line":83,"column":14},"end":{"line":97,"column":16}}]},"19":{"type":"branch","line":92,"loc":{"start":{"line":92,"column":48},"end":{"line":93,"column":31}},"locations":[{"start":{"line":92,"column":48},"end":{"line":93,"column":31}}]},"20":{"type":"branch","line":78,"loc":{"start":{"line":78,"column":22},"end":{"line":78,"column":49}},"locations":[{"start":{"line":78,"column":22},"end":{"line":78,"column":49}}]},"21":{"type":"branch","line":92,"loc":{"start":{"line":92,"column":22},"end":{"line":92,"column":49}},"locations":[{"start":{"line":92,"column":22},"end":{"line":92,"column":49}}]},"22":{"type":"branch","line":104,"loc":{"start":{"line":104,"column":25},"end":{"line":112,"column":12}},"locations":[{"start":{"line":104,"column":25},"end":{"line":112,"column":12}}]}},"b":{"0":[25],"1":[23],"2":[2],"3":[6],"4":[16],"5":[14],"6":[4],"7":[0],"8":[2],"9":[14],"10":[1],"11":[60],"12":[8],"13":[52],"14":[48],"15":[6],"16":[32],"17":[0],"18":[20],"19":[0],"20":[5],"21":[1],"22":[8]},"fnMap":{"0":{"name":"You","decl":{"start":{"line":21,"column":0},"end":{"line":117,"column":1}},"loc":{"start":{"line":21,"column":0},"end":{"line":117,"column":1}},"line":21},"1":{"name":"handleCardClick","decl":{"start":{"line":31,"column":26},"end":{"line":33,"column":4}},"loc":{"start":{"line":31,"column":26},"end":{"line":33,"column":4}},"line":31},"2":{"name":"onClick","decl":{"start":{"line":56,"column":39},"end":{"line":56,"column":69}},"loc":{"start":{"line":56,"column":39},"end":{"line":56,"column":69}},"line":56},"3":{"name":"card.type.onCardClick","decl":{"start":{"line":78,"column":22},"end":{"line":78,"column":49}},"loc":{"start":{"line":78,"column":22},"end":{"line":78,"column":49}},"line":78},"4":{"name":"card.type.onCardClick","decl":{"start":{"line":92,"column":22},"end":{"line":92,"column":49}},"loc":{"start":{"line":92,"column":22},"end":{"line":92,"column":49}},"line":92}},"f":{"0":25,"1":6,"2":1,"3":5,"4":1}}
,"/home/ulises/IngSoftwareI/Proyecto/frontend/src/components/Opponent.tsx": {"path":"/home/ulises/IngSoftwareI/Proyecto/frontend/src/components/Opponent.tsx","all":false,"statementMap":{"1":{"start":{"line":2,"column":0},"end":{"line":2,"column":43}},"2":{"start":{"line":3,"column":0},"end":{"line":3,"column":35}},"3":{"start":{"line":4,"column":0},"end":{"line":4,"column":24}},"4":{"start":{"line":5,"column":0},"end":{"line":5,"column":36}},"5":{"start":{"line":6,"column":0},"end":{"line":6,"column":24}},"20":{"start":{"line":21,"column":0},"end":{"line":21,"column":34}},"21":{"start":{"line":22,"column":0},"end":{"line":22,"column":9}},"22":{"start":{"line":23,"column":0},"end":{"line":23,"column":11}},"23":{"start":{"line":24,"column":0},"end":{"line":24,"column":13}},"24":{"start":{"line":25,"column":0},"end":{"line":25,"column":14}},"25":{"start":{"line":26,"column":0},"end":{"line":26,"column":21}},"26":{"start":{"line":27,"column":0},"end":{"line":27,"column":16}},"27":{"start":{"line":28,"column":0},"end":{"line":28,"column":17}},"28":{"start":{"line":29,"column":0},"end":{"line":29,"column":24}},"29":{"start":{"line":30,"column":0},"end":{"line":30,"column":19}},"30":{"start":{"line":31,"column":0},"end":{"line":31,"column":66}},"31":{"start":{"line":32,"column":0},"end":{"line":32,"column":45}},"34":{"start":{"line":35,"column":0},"end":{"line":35,"column":53}},"36":{"start":{"line":37,"column":0},"end":{"line":37,"column":18}},"37":{"start":{"line":38,"column":0},"end":{"line":38,"column":5}},"40":{"start":{"line":41,"column":0},"end":{"line":41,"column":52}},"42":{"start":{"line":43,"column":0},"end":{"line":43,"column":18}},"43":{"start":{"line":44,"column":0},"end":{"line":44,"column":5}},"45":{"start":{"line":46,"column":0},"end":{"line":46,"column":17}},"46":{"start":{"line":47,"column":0},"end":{"line":47,"column":4}},"48":{"start":{"line":49,"column":0},"end":{"line":49,"column":10}},"49":{"start":{"line":50,"column":0},"end":{"line":50,"column":30}},"50":{"start":{"line":51,"column":0},"end":{"line":51,"column":80}},"51":{"start":{"line":52,"column":0},"end":{"line":52,"column":31}},"53":{"start":{"line":54,"column":0},"end":{"line":54,"column":42}},"54":{"start":{"line":55,"column":0},"end":{"line":55,"column":39}},"55":{"start":{"line":56,"column":0},"end":{"line":56,"column":22}},"56":{"start":{"line":57,"column":0},"end":{"line":57,"column":58}},"57":{"start":{"line":58,"column":0},"end":{"line":58,"column":36}},"58":{"start":{"line":59,"column":0},"end":{"line":59,"column":74}},"59":{"start":{"line":60,"column":0},"end":{"line":60,"column":25}},"60":{"start":{"line":61,"column":0},"end":{"line":61,"column":30}},"61":{"start":{"line":62,"column":0},"end":{"line":62,"column":14}},"63":{"start":{"line":64,"column":0},"end":{"line":64,"column":18}},"64":{"start":{"line":65,"column":0},"end":{"line":65,"column":58}},"65":{"start":{"line":66,"column":0},"end":{"line":66,"column":36}},"66":{"start":{"line":67,"column":0},"end":{"line":67,"column":74}},"67":{"start":{"line":68,"column":0},"end":{"line":68,"column":25}},"68":{"start":{"line":69,"column":0},"end":{"line":69,"column":30}},"69":{"start":{"line":70,"column":0},"end":{"line":70,"column":14}},"71":{"start":{"line":72,"column":0},"end":{"line":72,"column":10}},"72":{"start":{"line":73,"column":0},"end":{"line":73,"column":12}},"74":{"start":{"line":75,"column":0},"end":{"line":75,"column":34}},"76":{"start":{"line":77,"column":0},"end":{"line":77,"column":41}},"77":{"start":{"line":78,"column":0},"end":{"line":78,"column":17}},"78":{"start":{"line":79,"column":0},"end":{"line":79,"column":69}},"79":{"start":{"line":80,"column":0},"end":{"line":80,"column":40}},"80":{"start":{"line":81,"column":0},"end":{"line":81,"column":24}},"81":{"start":{"line":82,"column":0},"end":{"line":82,"column":39}},"82":{"start":{"line":83,"column":0},"end":{"line":83,"column":38}},"83":{"start":{"line":84,"column":0},"end":{"line":84,"column":42}},"84":{"start":{"line":85,"column":0},"end":{"line":85,"column":23}},"85":{"start":{"line":86,"column":0},"end":{"line":86,"column":71}},"86":{"start":{"line":87,"column":0},"end":{"line":87,"column":21}},"87":{"start":{"line":88,"column":0},"end":{"line":88,"column":39}},"88":{"start":{"line":89,"column":0},"end":{"line":89,"column":45}},"89":{"start":{"line":90,"column":0},"end":{"line":90,"column":27}},"91":{"start":{"line":92,"column":0},"end":{"line":92,"column":12}},"92":{"start":{"line":93,"column":0},"end":{"line":93,"column":11}},"93":{"start":{"line":94,"column":0},"end":{"line":94,"column":12}},"95":{"start":{"line":96,"column":0},"end":{"line":96,"column":31}},"96":{"start":{"line":97,"column":0},"end":{"line":97,"column":35}},"97":{"start":{"line":98,"column":0},"end":{"line":98,"column":14}},"98":{"start":{"line":99,"column":0},"end":{"line":99,"column":28}},"99":{"start":{"line":100,"column":0},"end":{"line":100,"column":33}},"100":{"start":{"line":101,"column":0},"end":{"line":101,"column":37}},"101":{"start":{"line":102,"column":0},"end":{"line":102,"column":31}},"102":{"start":{"line":103,"column":0},"end":{"line":103,"column":27}},"103":{"start":{"line":104,"column":0},"end":{"line":104,"column":33}},"104":{"start":{"line":105,"column":0},"end":{"line":105,"column":58}},"105":{"start":{"line":106,"column":0},"end":{"line":106,"column":68}},"106":{"start":{"line":107,"column":0},"end":{"line":107,"column":12}},"107":{"start":{"line":108,"column":0},"end":{"line":108,"column":11}},"108":{"start":{"line":109,"column":0},"end":{"line":109,"column":12}},"109":{"start":{"line":110,"column":0},"end":{"line":110,"column":10}},"111":{"start":{"line":112,"column":0},"end":{"line":112,"column":1}}},"s":{"1":1,"2":1,"3":1,"4":1,"5":1,"20":24,"21":24,"22":24,"23":24,"24":24,"25":24,"26":24,"27":24,"28":24,"29":24,"30":24,"31":12,"34":12,"36":1,"37":1,"40":12,"42":1,"43":1,"45":0,"46":12,"48":24,"49":24,"50":24,"51":24,"53":24,"54":12,"55":6,"56":6,"57":6,"58":6,"59":6,"60":6,"61":6,"63":6,"64":6,"65":6,"66":6,"67":6,"68":6,"69":6,"71":24,"72":24,"74":24,"76":24,"77":12,"78":12,"79":12,"80":12,"81":12,"82":12,"83":12,"84":12,"85":12,"86":12,"87":12,"88":2,"89":10,"91":12,"92":24,"93":24,"95":24,"96":24,"97":18,"98":18,"99":18,"100":18,"101":18,"102":18,"103":18,"104":18,"105":18,"106":18,"107":24,"108":24,"109":24,"111":24},"branchMap":{"0":{"type":"branch","line":21,"loc":{"start":{"line":21,"column":0},"end":{"line":112,"column":1}},"locations":[{"start":{"line":21,"column":0},"end":{"line":112,"column":1}}]},"1":{"type":"branch","line":51,"loc":{"start":{"line":51,"column":33},"end":{"line":51,"column":55}},"locations":[{"start":{"line":51,"column":33},"end":{"line":51,"column":55}}]},"2":{"type":"branch","line":51,"loc":{"start":{"line":51,"column":44},"end":{"line":51,"column":57}},"locations":[{"start":{"line":51,"column":44},"end":{"line":51,"column":57}}]},"3":{"type":"branch","line":31,"loc":{"start":{"line":31,"column":28},"end":{"line":47,"column":4}},"locations":[{"start":{"line":31,"column":28},"end":{"line":47,"column":4}}]},"4":{"type":"branch","line":32,"loc":{"start":{"line":32,"column":32},"end":{"line":32,"column":45}},"locations":[{"start":{"line":32,"column":32},"end":{"line":32,"column":45}}]},"5":{"type":"branch","line":32,"loc":{"start":{"line":32,"column":39},"end":{"line":35,"column":52}},"locations":[{"start":{"line":32,"column":39},"end":{"line":35,"column":52}}]},"6":{"type":"branch","line":35,"loc":{"start":{"line":35,"column":52},"end":{"line":41,"column":51}},"locations":[{"start":{"line":35,"column":52},"end":{"line":41,"column":51}}]},"7":{"type":"branch","line":41,"loc":{"start":{"line":41,"column":51},"end":{"line":44,"column":5}},"locations":[{"start":{"line":41,"column":51},"end":{"line":44,"column":5}}]},"8":{"type":"branch","line":44,"loc":{"start":{"line":44,"column":4},"end":{"line":46,"column":17}},"locations":[{"start":{"line":44,"column":4},"end":{"line":46,"column":17}}]},"9":{"type":"branch","line":54,"loc":{"start":{"line":54,"column":26},"end":{"line":70,"column":14}},"locations":[{"start":{"line":54,"column":26},"end":{"line":70,"column":14}}]},"10":{"type":"branch","line":55,"loc":{"start":{"line":55,"column":24},"end":{"line":62,"column":14}},"locations":[{"start":{"line":55,"column":24},"end":{"line":62,"column":14}}]},"11":{"type":"branch","line":62,"loc":{"start":{"line":62,"column":12},"end":{"line":70,"column":14}},"locations":[{"start":{"line":62,"column":12},"end":{"line":70,"column":14}}]},"12":{"type":"branch","line":77,"loc":{"start":{"line":77,"column":28},"end":{"line":92,"column":12}},"locations":[{"start":{"line":77,"column":28},"end":{"line":92,"column":12}}]},"13":{"type":"branch","line":86,"loc":{"start":{"line":86,"column":45},"end":{"line":86,"column":71}},"locations":[{"start":{"line":86,"column":45},"end":{"line":86,"column":71}}]},"14":{"type":"branch","line":88,"loc":{"start":{"line":88,"column":38},"end":{"line":89,"column":45}},"locations":[{"start":{"line":88,"column":38},"end":{"line":89,"column":45}}]},"15":{"type":"branch","line":89,"loc":{"start":{"line":89,"column":44},"end":{"line":90,"column":27}},"locations":[{"start":{"line":89,"column":44},"end":{"line":90,"column":27}}]},"16":{"type":"branch","line":89,"loc":{"start":{"line":89,"column":18},"end":{"line":89,"column":45}},"locations":[{"start":{"line":89,"column":18},"end":{"line":89,"column":45}}]},"17":{"type":"branch","line":97,"loc":{"start":{"line":97,"column":25},"end":{"line":107,"column":12}},"locations":[{"start":{"line":97,"column":25},"end":{"line":107,"column":12}}]},"18":{"type":"branch","line":105,"loc":{"start":{"line":105,"column":38},"end":{"line":105,"column":58}},"locations":[{"start":{"line":105,"column":38},"end":{"line":105,"column":58}}]},"19":{"type":"branch","line":106,"loc":{"start":{"line":106,"column":24},"end":{"line":106,"column":58}},"locations":[{"start":{"line":106,"column":24},"end":{"line":106,"column":58}}]},"20":{"type":"branch","line":106,"loc":{"start":{"line":106,"column":45},"end":{"line":106,"column":68}},"locations":[{"start":{"line":106,"column":45},"end":{"line":106,"column":68}}]}},"b":{"0":[24],"1":[6],"2":[18],"3":[12],"4":[10],"5":[2],"6":[1],"7":[1],"8":[0],"9":[12],"10":[6],"11":[6],"12":[12],"13":[0],"14":[2],"15":[10],"16":[2],"17":[18],"18":[1],"19":[3],"20":[15]},"fnMap":{"0":{"name":"Opponent","decl":{"start":{"line":21,"column":0},"end":{"line":112,"column":1}},"loc":{"start":{"line":21,"column":0},"end":{"line":112,"column":1}},"line":21},"1":{"name":"isSecretClickable","decl":{"start":{"line":31,"column":28},"end":{"line":47,"column":4}},"loc":{"start":{"line":31,"column":28},"end":{"line":47,"column":4}},"line":31},"2":{"name":"onClick","decl":{"start":{"line":89,"column":18},"end":{"line":89,"column":45}},"loc":{"start":{"line":89,"column":18},"end":{"line":89,"column":45}},"line":89}},"f":{"0":24,"1":12,"2":2}}
,"/home/ulises/IngSoftwareI/Proyecto/frontend/src/components/Set.tsx": {"path":"/home/ulises/IngSoftwareI/Proyecto/frontend/src/components/Set.tsx","all":false,"statementMap":{"2":{"start":{"line":3,"column":0},"end":{"line":3,"column":43}},"3":{"start":{"line":4,"column":0},"end":{"line":4,"column":19}},"15":{"start":{"line":16,"column":0},"end":{"line":16,"column":29}},"16":{"start":{"line":17,"column":0},"end":{"line":17,"column":10}},"17":{"start":{"line":18,"column":0},"end":{"line":18,"column":12}},"18":{"start":{"line":19,"column":0},"end":{"line":19,"column":9}},"19":{"start":{"line":20,"column":0},"end":{"line":20,"column":7}},"20":{"start":{"line":21,"column":0},"end":{"line":21,"column":8}},"21":{"start":{"line":22,"column":0},"end":{"line":22,"column":13}},"22":{"start":{"line":23,"column":0},"end":{"line":23,"column":13}},"23":{"start":{"line":24,"column":0},"end":{"line":24,"column":14}},"24":{"start":{"line":25,"column":0},"end":{"line":25,"column":29}},"25":{"start":{"line":26,"column":0},"end":{"line":26,"column":21}},"26":{"start":{"line":27,"column":0},"end":{"line":27,"column":40}},"27":{"start":{"line":28,"column":0},"end":{"line":28,"column":25}},"28":{"start":{"line":29,"column":0},"end":{"line":29,"column":29}},"29":{"start":{"line":30,"column":0},"end":{"line":30,"column":23}},"30":{"start":{"line":31,"column":0},"end":{"line":31,"column":19}},"31":{"start":{"line":32,"column":0},"end":{"line":32,"column":25}},"32":{"start":{"line":33,"column":0},"end":{"line":33,"column":8}},"33":{"start":{"line":34,"column":0},"end":{"line":34,"column":30}},"34":{"start":{"line":35,"column":0},"end":{"line":35,"column":5}},"35":{"start":{"line":36,"column":0},"end":{"line":36,"column":4}},"36":{"start":{"line":37,"column":0},"end":{"line":37,"column":10}},"37":{"start":{"line":38,"column":0},"end":{"line":38,"column":8}},"38":{"start":{"line":39,"column":0},"end":{"line":39,"column":60}},"39":{"start":{"line":40,"column":0},"end":{"line":40,"column":27}},"40":{"start":{"line":41,"column":0},"end":{"line":41,"column":32}},"41":{"start":{"line":42,"column":0},"end":{"line":42,"column":19}},"42":{"start":{"line":43,"column":0},"end":{"line":43,"column":32}},"44":{"start":{"line":45,"column":0},"end":{"line":45,"column":28}},"45":{"start":{"line":46,"column":0},"end":{"line":46,"column":18}},"46":{"start":{"line":47,"column":0},"end":{"line":47,"column":28}},"47":{"start":{"line":48,"column":0},"end":{"line":48,"column":32}},"48":{"start":{"line":49,"column":0},"end":{"line":49,"column":22}},"49":{"start":{"line":50,"column":0},"end":{"line":50,"column":21}},"50":{"start":{"line":51,"column":0},"end":{"line":51,"column":26}},"51":{"start":{"line":52,"column":0},"end":{"line":52,"column":10}},"52":{"start":{"line":53,"column":0},"end":{"line":53,"column":9}},"53":{"start":{"line":54,"column":0},"end":{"line":54,"column":10}},"55":{"start":{"line":56,"column":0},"end":{"line":56,"column":1}}},"s":{"2":1,"3":1,"15":5,"16":5,"17":5,"18":5,"19":5,"20":5,"21":5,"22":5,"23":5,"24":5,"25":2,"26":1,"27":1,"28":1,"29":1,"30":1,"31":1,"32":1,"33":1,"34":1,"35":2,"36":5,"37":5,"38":5,"39":5,"40":5,"41":5,"42":5,"44":5,"45":10,"46":10,"47":10,"48":10,"49":10,"50":10,"51":10,"52":5,"53":5,"55":5},"branchMap":{"0":{"type":"branch","line":16,"loc":{"start":{"line":16,"column":0},"end":{"line":56,"column":1}},"locations":[{"start":{"line":16,"column":0},"end":{"line":56,"column":1}}]},"1":{"type":"branch","line":39,"loc":{"start":{"line":39,"column":24},"end":{"line":39,"column":50}},"locations":[{"start":{"line":39,"column":24},"end":{"line":39,"column":50}}]},"2":{"type":"branch","line":39,"loc":{"start":{"line":39,"column":37},"end":{"line":39,"column":57}},"locations":[{"start":{"line":39,"column":37},"end":{"line":39,"column":57}}]},"3":{"type":"branch","line":25,"loc":{"start":{"line":25,"column":22},"end":{"line":36,"column":4}},"locations":[{"start":{"line":25,"column":22},"end":{"line":36,"column":4}}]},"4":{"type":"branch","line":26,"loc":{"start":{"line":26,"column":20},"end":{"line":35,"column":5}},"locations":[{"start":{"line":26,"column":20},"end":{"line":35,"column":5}}]},"5":{"type":"branch","line":45,"loc":{"start":{"line":45,"column":17},"end":{"line":52,"column":10}},"locations":[{"start":{"line":45,"column":17},"end":{"line":52,"column":10}}]}},"b":{"0":[5],"1":[1],"2":[4],"3":[2],"4":[1],"5":[10]},"fnMap":{"0":{"name":"Set","decl":{"start":{"line":16,"column":0},"end":{"line":56,"column":1}},"loc":{"start":{"line":16,"column":0},"end":{"line":56,"column":1}},"line":16},"1":{"name":"handleClick","decl":{"start":{"line":25,"column":22},"end":{"line":36,"column":4}},"loc":{"start":{"line":25,"column":22},"end":{"line":36,"column":4}},"line":25}},"f":{"0":5,"1":2}}
,"/home/ulises/IngSoftwareI/Proyecto/frontend/src/components/TextType.tsx": {"path":"/home/ulises/IngSoftwareI/Proyecto/frontend/src/components/TextType.tsx","all":true,"statementMap":{"2":{"start":{"line":3,"column":0},"end":{"line":3,"column":8}},"11":{"start":{"line":12,"column":0},"end":{"line":12,"column":28}},"12":{"start":{"line":13,"column":0},"end":{"line":13,"column":24}},"35":{"start":{"line":36,"column":0},"end":{"line":36,"column":19}},"36":{"start":{"line":37,"column":0},"end":{"line":37,"column":7}},"37":{"start":{"line":38,"column":0},"end":{"line":38,"column":24}},"38":{"start":{"line":39,"column":0},"end":{"line":39,"column":19}},"39":{"start":{"line":40,"column":0},"end":{"line":40,"column":19}},"40":{"start":{"line":41,"column":0},"end":{"line":41,"column":23}},"41":{"start":{"line":42,"column":0},"end":{"line":42,"column":21}},"42":{"start":{"line":43,"column":0},"end":{"line":43,"column":14}},"43":{"start":{"line":44,"column":0},"end":{"line":44,"column":17}},"44":{"start":{"line":45,"column":0},"end":{"line":45,"column":20}},"45":{"start":{"line":46,"column":0},"end":{"line":46,"column":32}},"46":{"start":{"line":47,"column":0},"end":{"line":47,"column":24}},"47":{"start":{"line":48,"column":0},"end":{"line":48,"column":23}},"48":{"start":{"line":49,"column":0},"end":{"line":49,"column":28}},"49":{"start":{"line":50,"column":0},"end":{"line":50,"column":18}},"50":{"start":{"line":51,"column":0},"end":{"line":51,"column":16}},"51":{"start":{"line":52,"column":0},"end":{"line":52,"column":21}},"52":{"start":{"line":53,"column":0},"end":{"line":53,"column":25}},"53":{"start":{"line":54,"column":0},"end":{"line":54,"column":22}},"54":{"start":{"line":55,"column":0},"end":{"line":55,"column":10}},"55":{"start":{"line":56,"column":0},"end":{"line":56,"column":58}},"56":{"start":{"line":57,"column":0},"end":{"line":57,"column":57}},"57":{"start":{"line":58,"column":0},"end":{"line":58,"column":62}},"58":{"start":{"line":59,"column":0},"end":{"line":59,"column":54}},"59":{"start":{"line":60,"column":0},"end":{"line":60,"column":62}},"60":{"start":{"line":61,"column":0},"end":{"line":61,"column":62}},"61":{"start":{"line":62,"column":0},"end":{"line":62,"column":50}},"62":{"start":{"line":63,"column":0},"end":{"line":63,"column":49}},"64":{"start":{"line":65,"column":0},"end":{"line":65,"column":28}},"65":{"start":{"line":66,"column":0},"end":{"line":66,"column":48}},"66":{"start":{"line":67,"column":0},"end":{"line":67,"column":10}},"67":{"start":{"line":68,"column":0},"end":{"line":68,"column":4}},"69":{"start":{"line":70,"column":0},"end":{"line":70,"column":44}},"70":{"start":{"line":71,"column":0},"end":{"line":71,"column":43}},"71":{"start":{"line":72,"column":0},"end":{"line":72,"column":39}},"72":{"start":{"line":73,"column":0},"end":{"line":73,"column":45}},"73":{"start":{"line":74,"column":0},"end":{"line":74,"column":35}},"75":{"start":{"line":76,"column":0},"end":{"line":76,"column":37}},"76":{"start":{"line":77,"column":0},"end":{"line":77,"column":50}},"77":{"start":{"line":78,"column":0},"end":{"line":78,"column":60}},"78":{"start":{"line":79,"column":0},"end":{"line":79,"column":4}},"80":{"start":{"line":81,"column":0},"end":{"line":81,"column":19}},"81":{"start":{"line":82,"column":0},"end":{"line":82,"column":57}},"83":{"start":{"line":84,"column":0},"end":{"line":84,"column":46}},"84":{"start":{"line":85,"column":0},"end":{"line":85,"column":20}},"85":{"start":{"line":86,"column":0},"end":{"line":86,"column":36}},"86":{"start":{"line":87,"column":0},"end":{"line":87,"column":37}},"87":{"start":{"line":88,"column":0},"end":{"line":88,"column":31}},"88":{"start":{"line":89,"column":0},"end":{"line":89,"column":11}},"89":{"start":{"line":90,"column":0},"end":{"line":90,"column":11}},"90":{"start":{"line":91,"column":0},"end":{"line":91,"column":8}},"91":{"start":{"line":92,"column":0},"end":{"line":92,"column":24}},"92":{"start":{"line":93,"column":0},"end":{"line":93,"column":6}},"94":{"start":{"line":95,"column":0},"end":{"line":95,"column":43}},"95":{"start":{"line":96,"column":0},"end":{"line":96,"column":39}},"96":{"start":{"line":97,"column":0},"end":{"line":97,"column":23}},"98":{"start":{"line":99,"column":0},"end":{"line":99,"column":19}},"99":{"start":{"line":100,"column":0},"end":{"line":100,"column":42}},"100":{"start":{"line":101,"column":0},"end":{"line":101,"column":50}},"101":{"start":{"line":102,"column":0},"end":{"line":102,"column":34}},"102":{"start":{"line":103,"column":0},"end":{"line":103,"column":19}},"103":{"start":{"line":104,"column":0},"end":{"line":104,"column":38}},"104":{"start":{"line":105,"column":0},"end":{"line":105,"column":19}},"105":{"start":{"line":106,"column":0},"end":{"line":106,"column":19}},"106":{"start":{"line":107,"column":0},"end":{"line":107,"column":29}},"107":{"start":{"line":108,"column":0},"end":{"line":108,"column":9}},"108":{"start":{"line":109,"column":0},"end":{"line":109,"column":5}},"109":{"start":{"line":110,"column":0},"end":{"line":110,"column":40}},"111":{"start":{"line":112,"column":0},"end":{"line":112,"column":19}},"112":{"start":{"line":113,"column":0},"end":{"line":113,"column":27}},"114":{"start":{"line":115,"column":0},"end":{"line":115,"column":24}},"116":{"start":{"line":117,"column":0},"end":{"line":117,"column":52}},"117":{"start":{"line":118,"column":0},"end":{"line":118,"column":37}},"118":{"start":{"line":119,"column":0},"end":{"line":119,"column":48}},"119":{"start":{"line":120,"column":0},"end":{"line":120,"column":20}},"121":{"start":{"line":122,"column":0},"end":{"line":122,"column":42}},"122":{"start":{"line":123,"column":0},"end":{"line":123,"column":23}},"123":{"start":{"line":124,"column":0},"end":{"line":124,"column":35}},"124":{"start":{"line":125,"column":0},"end":{"line":125,"column":31}},"125":{"start":{"line":126,"column":0},"end":{"line":126,"column":67}},"126":{"start":{"line":127,"column":0},"end":{"line":127,"column":19}},"127":{"start":{"line":128,"column":0},"end":{"line":128,"column":11}},"129":{"start":{"line":130,"column":0},"end":{"line":130,"column":35}},"130":{"start":{"line":131,"column":0},"end":{"line":131,"column":78}},"131":{"start":{"line":132,"column":0},"end":{"line":132,"column":11}},"133":{"start":{"line":134,"column":0},"end":{"line":134,"column":71}},"134":{"start":{"line":135,"column":0},"end":{"line":135,"column":33}},"135":{"start":{"line":136,"column":0},"end":{"line":136,"column":56}},"136":{"start":{"line":137,"column":0},"end":{"line":137,"column":16}},"137":{"start":{"line":138,"column":0},"end":{"line":138,"column":38}},"138":{"start":{"line":139,"column":0},"end":{"line":139,"column":58}},"139":{"start":{"line":140,"column":0},"end":{"line":140,"column":28}},"140":{"start":{"line":141,"column":0},"end":{"line":141,"column":9}},"141":{"start":{"line":142,"column":0},"end":{"line":142,"column":14}},"142":{"start":{"line":143,"column":0},"end":{"line":143,"column":54}},"143":{"start":{"line":144,"column":0},"end":{"line":144,"column":31}},"144":{"start":{"line":145,"column":0},"end":{"line":145,"column":19}},"145":{"start":{"line":146,"column":0},"end":{"line":146,"column":31}},"146":{"start":{"line":147,"column":0},"end":{"line":147,"column":64}},"147":{"start":{"line":148,"column":0},"end":{"line":148,"column":16}},"148":{"start":{"line":149,"column":0},"end":{"line":149,"column":54}},"149":{"start":{"line":150,"column":0},"end":{"line":150,"column":14}},"150":{"start":{"line":151,"column":0},"end":{"line":151,"column":58}},"151":{"start":{"line":152,"column":0},"end":{"line":152,"column":12}},"152":{"start":{"line":153,"column":0},"end":{"line":153,"column":42}},"153":{"start":{"line":154,"column":0},"end":{"line":154,"column":38}},"154":{"start":{"line":155,"column":0},"end":{"line":155,"column":32}},"155":{"start":{"line":156,"column":0},"end":{"line":156,"column":28}},"156":{"start":{"line":157,"column":0},"end":{"line":157,"column":9}},"157":{"start":{"line":158,"column":0},"end":{"line":158,"column":7}},"158":{"start":{"line":159,"column":0},"end":{"line":159,"column":6}},"160":{"start":{"line":161,"column":0},"end":{"line":161,"column":72}},"161":{"start":{"line":162,"column":0},"end":{"line":162,"column":65}},"162":{"start":{"line":163,"column":0},"end":{"line":163,"column":12}},"163":{"start":{"line":164,"column":0},"end":{"line":164,"column":31}},"164":{"start":{"line":165,"column":0},"end":{"line":165,"column":5}},"166":{"start":{"line":167,"column":0},"end":{"line":167,"column":39}},"167":{"start":{"line":168,"column":0},"end":{"line":168,"column":6}},"168":{"start":{"line":169,"column":0},"end":{"line":169,"column":21}},"169":{"start":{"line":170,"column":0},"end":{"line":170,"column":18}},"170":{"start":{"line":171,"column":0},"end":{"line":171,"column":15}},"171":{"start":{"line":172,"column":0},"end":{"line":172,"column":16}},"172":{"start":{"line":173,"column":0},"end":{"line":173,"column":18}},"173":{"start":{"line":174,"column":0},"end":{"line":174,"column":18}},"174":{"start":{"line":175,"column":0},"end":{"line":175,"column":14}},"175":{"start":{"line":176,"column":0},"end":{"line":176,"column":21}},"176":{"start":{"line":177,"column":0},"end":{"line":177,"column":9}},"177":{"start":{"line":178,"column":0},"end":{"line":178,"column":17}},"178":{"start":{"line":179,"column":0},"end":{"line":179,"column":14}},"179":{"start":{"line":180,"column":0},"end":{"line":180,"column":16}},"180":{"start":{"line":181,"column":0},"end":{"line":181,"column":18}},"181":{"start":{"line":182,"column":0},"end":{"line":182,"column":23}},"182":{"start":{"line":183,"column":0},"end":{"line":183,"column":5}},"184":{"start":{"line":185,"column":0},"end":{"line":185,"column":26}},"185":{"start":{"line":186,"column":0},"end":{"line":186,"column":28}},"186":{"start":{"line":187,"column":0},"end":{"line":187,"column":74}},"188":{"start":{"line":189,"column":0},"end":{"line":189,"column":23}},"189":{"start":{"line":190,"column":0},"end":{"line":190,"column":14}},"190":{"start":{"line":191,"column":0},"end":{"line":191,"column":5}},"191":{"start":{"line":192,"column":0},"end":{"line":192,"column":24}},"192":{"start":{"line":193,"column":0},"end":{"line":193,"column":42}},"193":{"start":{"line":194,"column":0},"end":{"line":194,"column":15}},"194":{"start":{"line":195,"column":0},"end":{"line":195,"column":6}},"195":{"start":{"line":196,"column":0},"end":{"line":196,"column":9}},"196":{"start":{"line":197,"column":0},"end":{"line":197,"column":36}},"197":{"start":{"line":198,"column":0},"end":{"line":198,"column":46}},"199":{"start":{"line":200,"column":0},"end":{"line":200,"column":21}},"200":{"start":{"line":201,"column":0},"end":{"line":201,"column":12}},"201":{"start":{"line":202,"column":0},"end":{"line":202,"column":19}},"202":{"start":{"line":203,"column":0},"end":{"line":203,"column":11}},"203":{"start":{"line":204,"column":0},"end":{"line":204,"column":23}},"204":{"start":{"line":205,"column":0},"end":{"line":205,"column":59}},"205":{"start":{"line":206,"column":0},"end":{"line":206,"column":61}},"206":{"start":{"line":207,"column":0},"end":{"line":207,"column":11}},"208":{"start":{"line":209,"column":0},"end":{"line":209,"column":25}},"209":{"start":{"line":210,"column":0},"end":{"line":210,"column":13}},"211":{"start":{"line":212,"column":0},"end":{"line":212,"column":4}},"212":{"start":{"line":213,"column":0},"end":{"line":213,"column":2}},"214":{"start":{"line":215,"column":0},"end":{"line":215,"column":24}}},"s":{"2":0,"11":0,"12":0,"35":0,"36":0,"37":0,"38":0,"39":0,"40":0,"41":0,"42":0,"43":0,"44":0,"45":0,"46":0,"47":0,"48":0,"49":0,"50":0,"51":0,"52":0,"53":0,"54":0,"55":0,"56":0,"57":0,"58":0,"59":0,"60":0,"61":0,"62":0,"64":0,"65":0,"66":0,"67":0,"69":0,"70":0,"71":0,"72":0,"73":0,"75":0,"76":0,"77":0,"78":0,"80":0,"81":0,"83":0,"84":0,"85":0,"86":0,"87":0,"88":0,"89":0,"90":0,"91":0,"92":0,"94":0,"95":0,"96":0,"98":0,"99":0,"100":0,"101":0,"102":0,"103":0,"104":0,"105":0,"106":0,"107":0,"108":0,"109":0,"111":0,"112":0,"114":0,"116":0,"117":0,"118":0,"119":0,"121":0,"122":0,"123":0,"124":0,"125":0,"126":0,"127":0,"129":0,"130":0,"131":0,"133":0,"134":0,"135":0,"136":0,"137":0,"138":0,"139":0,"140":0,"141":0,"142":0,"143":0,"144":0,"145":0,"146":0,"147":0,"148":0,"149":0,"150":0,"151":0,"152":0,"153":0,"154":0,"155":0,"156":0,"157":0,"158":0,"160":0,"161":0,"162":0,"163":0,"164":0,"166":0,"167":0,"168":0,"169":0,"170":0,"171":0,"172":0,"173":0,"174":0,"175":0,"176":0,"177":0,"178":0,"179":0,"180":0,"181":0,"182":0,"184":0,"185":0,"186":0,"188":0,"189":0,"190":0,"191":0,"192":0,"193":0,"194":0,"195":0,"196":0,"197":0,"199":0,"200":0,"201":0,"202":0,"203":0,"204":0,"205":0,"206":0,"208":0,"209":0,"211":0,"212":0,"214":0},"branchMap":{"0":{"type":"branch","line":1,"loc":{"start":{"line":1,"column":5523},"end":{"line":215,"column":24}},"locations":[{"start":{"line":1,"column":5523},"end":{"line":215,"column":24}}]}},"b":{"0":[1]},"fnMap":{"0":{"name":"(empty-report)","decl":{"start":{"line":1,"column":5523},"end":{"line":215,"column":24}},"loc":{"start":{"line":1,"column":5523},"end":{"line":215,"column":24}},"line":1}},"f":{"0":1}}
,"/home/ulises/IngSoftwareI/Proyecto/frontend/src/components/Cards/CardBase.tsx": {"path":"/home/ulises/IngSoftwareI/Proyecto/frontend/src/components/Cards/CardBase.tsx","all":true,"statementMap":{"0":{"start":{"line":1,"column":0},"end":{"line":1,"column":24}},"1":{"start":{"line":2,"column":0},"end":{"line":2,"column":52}},"13":{"start":{"line":14,"column":0},"end":{"line":14,"column":34}},"14":{"start":{"line":15,"column":0},"end":{"line":15,"column":10}},"15":{"start":{"line":16,"column":0},"end":{"line":16,"column":8}},"16":{"start":{"line":17,"column":0},"end":{"line":17,"column":18}},"17":{"start":{"line":18,"column":0},"end":{"line":18,"column":8}},"18":{"start":{"line":19,"column":0},"end":{"line":19,"column":14}},"19":{"start":{"line":20,"column":0},"end":{"line":20,"column":13}},"20":{"start":{"line":21,"column":0},"end":{"line":21,"column":19}},"21":{"start":{"line":22,"column":0},"end":{"line":22,"column":29}},"22":{"start":{"line":23,"column":0},"end":{"line":23,"column":22}},"23":{"start":{"line":24,"column":0},"end":{"line":24,"column":27}},"24":{"start":{"line":25,"column":0},"end":{"line":25,"column":5}},"25":{"start":{"line":26,"column":0},"end":{"line":26,"column":4}},"27":{"start":{"line":28,"column":0},"end":{"line":28,"column":54}},"29":{"start":{"line":30,"column":0},"end":{"line":30,"column":10}},"30":{"start":{"line":31,"column":0},"end":{"line":31,"column":8}},"31":{"start":{"line":32,"column":0},"end":{"line":32,"column":69}},"32":{"start":{"line":33,"column":0},"end":{"line":33,"column":28}},"33":{"start":{"line":34,"column":0},"end":{"line":34,"column":27}},"35":{"start":{"line":36,"column":0},"end":{"line":36,"column":50}},"36":{"start":{"line":37,"column":0},"end":{"line":37,"column":10}},"38":{"start":{"line":39,"column":0},"end":{"line":39,"column":1}}},"s":{"0":0,"1":0,"13":0,"14":0,"15":0,"16":0,"17":0,"18":0,"19":0,"20":0,"21":0,"22":0,"23":0,"24":0,"25":0,"27":0,"29":0,"30":0,"31":0,"32":0,"33":0,"35":0,"36":0,"38":0},"branchMap":{"0":{"type":"branch","line":1,"loc":{"start":{"line":1,"column":862},"end":{"line":39,"column":1}},"locations":[{"start":{"line":1,"column":862},"end":{"line":39,"column":1}}]}},"b":{"0":[0]},"fnMap":{"0":{"name":"(empty-report)","decl":{"start":{"line":1,"column":862},"end":{"line":39,"column":1}},"loc":{"start":{"line":1,"column":862},"end":{"line":39,"column":1}},"line":1}},"f":{"0":0}}
,"/home/ulises/IngSoftwareI/Proyecto/frontend/src/components/Cards/Detectives.tsx": {"path":"/home/ulises/IngSoftwareI/Proyecto/frontend/src/components/Cards/Detectives.tsx","all":false,"statementMap":{"0":{"start":{"line":1,"column":0},"end":{"line":1,"column":52}},"1":{"start":{"line":2,"column":0},"end":{"line":2,"column":53}},"2":{"start":{"line":3,"column":0},"end":{"line":3,"column":53}},"3":{"start":{"line":4,"column":0},"end":{"line":4,"column":60}},"4":{"start":{"line":5,"column":0},"end":{"line":5,"column":51}},"5":{"start":{"line":6,"column":0},"end":{"line":6,"column":52}},"6":{"start":{"line":7,"column":0},"end":{"line":7,"column":61}},"7":{"start":{"line":8,"column":0},"end":{"line":8,"column":64}},"8":{"start":{"line":9,"column":0},"end":{"line":9,"column":51}},"9":{"start":{"line":10,"column":0},"end":{"line":10,"column":53}},"22":{"start":{"line":23,"column":0},"end":{"line":23,"column":35}},"23":{"start":{"line":24,"column":0},"end":{"line":24,"column":10}},"24":{"start":{"line":25,"column":0},"end":{"line":25,"column":8}},"25":{"start":{"line":26,"column":0},"end":{"line":26,"column":7}},"26":{"start":{"line":27,"column":0},"end":{"line":27,"column":18}},"27":{"start":{"line":28,"column":0},"end":{"line":28,"column":14}},"28":{"start":{"line":29,"column":0},"end":{"line":29,"column":13}},"29":{"start":{"line":30,"column":0},"end":{"line":30,"column":20}},"30":{"start":{"line":31,"column":0},"end":{"line":31,"column":29}},"31":{"start":{"line":32,"column":0},"end":{"line":32,"column":22}},"32":{"start":{"line":33,"column":0},"end":{"line":33,"column":27}},"33":{"start":{"line":34,"column":0},"end":{"line":34,"column":5}},"34":{"start":{"line":35,"column":0},"end":{"line":35,"column":4}},"36":{"start":{"line":37,"column":0},"end":{"line":37,"column":21}},"37":{"start":{"line":38,"column":0},"end":{"line":38,"column":17}},"38":{"start":{"line":39,"column":0},"end":{"line":39,"column":26}},"39":{"start":{"line":40,"column":0},"end":{"line":40,"column":18}},"40":{"start":{"line":41,"column":0},"end":{"line":41,"column":12}},"41":{"start":{"line":42,"column":0},"end":{"line":42,"column":23}},"42":{"start":{"line":43,"column":0},"end":{"line":43,"column":18}},"43":{"start":{"line":44,"column":0},"end":{"line":44,"column":12}},"44":{"start":{"line":45,"column":0},"end":{"line":45,"column":28}},"45":{"start":{"line":46,"column":0},"end":{"line":46,"column":18}},"46":{"start":{"line":47,"column":0},"end":{"line":47,"column":12}},"47":{"start":{"line":48,"column":0},"end":{"line":48,"column":23}},"48":{"start":{"line":49,"column":0},"end":{"line":49,"column":18}},"49":{"start":{"line":50,"column":0},"end":{"line":50,"column":12}},"50":{"start":{"line":51,"column":0},"end":{"line":51,"column":38}},"51":{"start":{"line":52,"column":0},"end":{"line":52,"column":18}},"52":{"start":{"line":53,"column":0},"end":{"line":53,"column":12}},"53":{"start":{"line":54,"column":0},"end":{"line":54,"column":27}},"54":{"start":{"line":55,"column":0},"end":{"line":55,"column":18}},"55":{"start":{"line":56,"column":0},"end":{"line":56,"column":12}},"56":{"start":{"line":57,"column":0},"end":{"line":57,"column":30}},"57":{"start":{"line":58,"column":0},"end":{"line":58,"column":18}},"58":{"start":{"line":59,"column":0},"end":{"line":59,"column":12}},"59":{"start":{"line":60,"column":0},"end":{"line":60,"column":32}},"60":{"start":{"line":61,"column":0},"end":{"line":61,"column":18}},"61":{"start":{"line":62,"column":0},"end":{"line":62,"column":12}},"62":{"start":{"line":63,"column":0},"end":{"line":63,"column":26}},"63":{"start":{"line":64,"column":0},"end":{"line":64,"column":18}},"64":{"start":{"line":65,"column":0},"end":{"line":65,"column":12}},"65":{"start":{"line":66,"column":0},"end":{"line":66,"column":44}},"66":{"start":{"line":67,"column":0},"end":{"line":67,"column":24}},"67":{"start":{"line":68,"column":0},"end":{"line":68,"column":12}},"68":{"start":{"line":69,"column":0},"end":{"line":69,"column":3}},"70":{"start":{"line":71,"column":0},"end":{"line":71,"column":10}},"71":{"start":{"line":72,"column":0},"end":{"line":72,"column":8}},"72":{"start":{"line":73,"column":0},"end":{"line":73,"column":69}},"73":{"start":{"line":74,"column":0},"end":{"line":74,"column":28}},"74":{"start":{"line":75,"column":0},"end":{"line":75,"column":27}},"76":{"start":{"line":77,"column":0},"end":{"line":77,"column":69}},"77":{"start":{"line":78,"column":0},"end":{"line":78,"column":10}},"79":{"start":{"line":80,"column":0},"end":{"line":80,"column":1}}},"s":{"0":1,"1":1,"2":1,"3":1,"4":1,"5":1,"6":1,"7":1,"8":1,"9":1,"22":14,"23":14,"24":14,"25":14,"26":14,"27":14,"28":14,"29":14,"30":14,"31":2,"32":1,"33":1,"34":2,"36":14,"37":14,"38":14,"39":5,"40":5,"41":14,"42":1,"43":1,"44":14,"45":1,"46":1,"47":14,"48":1,"49":1,"50":14,"51":1,"52":1,"53":14,"54":1,"55":1,"56":14,"57":1,"58":1,"59":14,"60":1,"61":1,"62":14,"63":1,"64":1,"65":14,"66":1,"67":1,"68":14,"70":14,"71":14,"72":14,"73":14,"74":14,"76":14,"77":14,"79":14},"branchMap":{"0":{"type":"branch","line":23,"loc":{"start":{"line":23,"column":0},"end":{"line":80,"column":1}},"locations":[{"start":{"line":23,"column":0},"end":{"line":80,"column":1}}]},"1":{"type":"branch","line":39,"loc":{"start":{"line":39,"column":4},"end":{"line":41,"column":12}},"locations":[{"start":{"line":39,"column":4},"end":{"line":41,"column":12}}]},"2":{"type":"branch","line":42,"loc":{"start":{"line":42,"column":4},"end":{"line":44,"column":12}},"locations":[{"start":{"line":42,"column":4},"end":{"line":44,"column":12}}]},"3":{"type":"branch","line":45,"loc":{"start":{"line":45,"column":4},"end":{"line":47,"column":12}},"locations":[{"start":{"line":45,"column":4},"end":{"line":47,"column":12}}]},"4":{"type":"branch","line":48,"loc":{"start":{"line":48,"column":4},"end":{"line":50,"column":12}},"locations":[{"start":{"line":48,"column":4},"end":{"line":50,"column":12}}]},"5":{"type":"branch","line":51,"loc":{"start":{"line":51,"column":4},"end":{"line":53,"column":12}},"locations":[{"start":{"line":51,"column":4},"end":{"line":53,"column":12}}]},"6":{"type":"branch","line":54,"loc":{"start":{"line":54,"column":4},"end":{"line":56,"column":12}},"locations":[{"start":{"line":54,"column":4},"end":{"line":56,"column":12}}]},"7":{"type":"branch","line":57,"loc":{"start":{"line":57,"column":4},"end":{"line":59,"column":12}},"locations":[{"start":{"line":57,"column":4},"end":{"line":59,"column":12}}]},"8":{"type":"branch","line":60,"loc":{"start":{"line":60,"column":4},"end":{"line":62,"column":12}},"locations":[{"start":{"line":60,"column":4},"end":{"line":62,"column":12}}]},"9":{"type":"branch","line":63,"loc":{"start":{"line":63,"column":4},"end":{"line":65,"column":12}},"locations":[{"start":{"line":63,"column":4},"end":{"line":65,"column":12}}]},"10":{"type":"branch","line":66,"loc":{"start":{"line":66,"column":4},"end":{"line":68,"column":12}},"locations":[{"start":{"line":66,"column":4},"end":{"line":68,"column":12}}]},"11":{"type":"branch","line":73,"loc":{"start":{"line":73,"column":38},"end":{"line":73,"column":64}},"locations":[{"start":{"line":73,"column":38},"end":{"line":73,"column":64}}]},"12":{"type":"branch","line":73,"loc":{"start":{"line":73,"column":51},"end":{"line":73,"column":66}},"locations":[{"start":{"line":73,"column":51},"end":{"line":73,"column":66}}]},"13":{"type":"branch","line":77,"loc":{"start":{"line":77,"column":16},"end":{"line":77,"column":33}},"locations":[{"start":{"line":77,"column":16},"end":{"line":77,"column":33}}]},"14":{"type":"branch","line":77,"loc":{"start":{"line":77,"column":24},"end":{"line":77,"column":43}},"locations":[{"start":{"line":77,"column":24},"end":{"line":77,"column":43}}]},"15":{"type":"branch","line":31,"loc":{"start":{"line":31,"column":22},"end":{"line":35,"column":4}},"locations":[{"start":{"line":31,"column":22},"end":{"line":35,"column":4}}]},"16":{"type":"branch","line":32,"loc":{"start":{"line":32,"column":21},"end":{"line":34,"column":5}},"locations":[{"start":{"line":32,"column":21},"end":{"line":34,"column":5}}]}},"b":{"0":[14],"1":[5],"2":[1],"3":[1],"4":[1],"5":[1],"6":[1],"7":[1],"8":[1],"9":[1],"10":[1],"11":[1],"12":[13],"13":[13],"14":[1],"15":[2],"16":[1]},"fnMap":{"0":{"name":"Detective","decl":{"start":{"line":23,"column":0},"end":{"line":80,"column":1}},"loc":{"start":{"line":23,"column":0},"end":{"line":80,"column":1}},"line":23},"1":{"name":"handleClick","decl":{"start":{"line":31,"column":22},"end":{"line":35,"column":4}},"loc":{"start":{"line":31,"column":22},"end":{"line":35,"column":4}},"line":31}},"f":{"0":14,"1":2}}
,"/home/ulises/IngSoftwareI/Proyecto/frontend/src/components/Cards/Events.tsx": {"path":"/home/ulises/IngSoftwareI/Proyecto/frontend/src/components/Cards/Events.tsx","all":false,"statementMap":{"0":{"start":{"line":1,"column":0},"end":{"line":1,"column":52}},"1":{"start":{"line":2,"column":0},"end":{"line":2,"column":64}},"2":{"start":{"line":3,"column":0},"end":{"line":3,"column":67}},"3":{"start":{"line":4,"column":0},"end":{"line":4,"column":67}},"4":{"start":{"line":5,"column":0},"end":{"line":5,"column":59}},"5":{"start":{"line":6,"column":0},"end":{"line":6,"column":59}},"6":{"start":{"line":7,"column":0},"end":{"line":7,"column":55}},"7":{"start":{"line":8,"column":0},"end":{"line":8,"column":63}},"8":{"start":{"line":9,"column":0},"end":{"line":9,"column":61}},"9":{"start":{"line":10,"column":0},"end":{"line":10,"column":71}},"10":{"start":{"line":11,"column":0},"end":{"line":11,"column":61}},"11":{"start":{"line":12,"column":0},"end":{"line":12,"column":57}},"12":{"start":{"line":13,"column":0},"end":{"line":13,"column":65}},"25":{"start":{"line":26,"column":0},"end":{"line":26,"column":31}},"26":{"start":{"line":27,"column":0},"end":{"line":27,"column":10}},"27":{"start":{"line":28,"column":0},"end":{"line":28,"column":8}},"28":{"start":{"line":29,"column":0},"end":{"line":29,"column":7}},"29":{"start":{"line":30,"column":0},"end":{"line":30,"column":18}},"30":{"start":{"line":31,"column":0},"end":{"line":31,"column":14}},"31":{"start":{"line":32,"column":0},"end":{"line":32,"column":13}},"32":{"start":{"line":33,"column":0},"end":{"line":33,"column":16}},"33":{"start":{"line":34,"column":0},"end":{"line":34,"column":29}},"34":{"start":{"line":35,"column":0},"end":{"line":35,"column":22}},"35":{"start":{"line":36,"column":0},"end":{"line":36,"column":27}},"36":{"start":{"line":37,"column":0},"end":{"line":37,"column":5}},"37":{"start":{"line":38,"column":0},"end":{"line":38,"column":4}},"39":{"start":{"line":40,"column":0},"end":{"line":40,"column":21}},"40":{"start":{"line":41,"column":0},"end":{"line":41,"column":17}},"41":{"start":{"line":42,"column":0},"end":{"line":42,"column":31}},"42":{"start":{"line":43,"column":0},"end":{"line":43,"column":24}},"43":{"start":{"line":44,"column":0},"end":{"line":44,"column":12}},"44":{"start":{"line":45,"column":0},"end":{"line":45,"column":26}},"45":{"start":{"line":46,"column":0},"end":{"line":46,"column":29}},"46":{"start":{"line":47,"column":0},"end":{"line":47,"column":12}},"47":{"start":{"line":48,"column":0},"end":{"line":48,"column":27}},"48":{"start":{"line":49,"column":0},"end":{"line":49,"column":29}},"49":{"start":{"line":50,"column":0},"end":{"line":50,"column":12}},"50":{"start":{"line":51,"column":0},"end":{"line":51,"column":31}},"51":{"start":{"line":52,"column":0},"end":{"line":52,"column":25}},"52":{"start":{"line":53,"column":0},"end":{"line":53,"column":12}},"53":{"start":{"line":54,"column":0},"end":{"line":54,"column":22}},"54":{"start":{"line":55,"column":0},"end":{"line":55,"column":25}},"55":{"start":{"line":56,"column":0},"end":{"line":56,"column":12}},"56":{"start":{"line":57,"column":0},"end":{"line":57,"column":42}},"57":{"start":{"line":58,"column":0},"end":{"line":58,"column":23}},"58":{"start":{"line":59,"column":0},"end":{"line":59,"column":12}},"59":{"start":{"line":60,"column":0},"end":{"line":60,"column":40}},"60":{"start":{"line":61,"column":0},"end":{"line":61,"column":27}},"61":{"start":{"line":62,"column":0},"end":{"line":62,"column":12}},"62":{"start":{"line":63,"column":0},"end":{"line":63,"column":37}},"63":{"start":{"line":64,"column":0},"end":{"line":64,"column":26}},"64":{"start":{"line":65,"column":0},"end":{"line":65,"column":12}},"65":{"start":{"line":66,"column":0},"end":{"line":66,"column":33}},"66":{"start":{"line":67,"column":0},"end":{"line":67,"column":31}},"67":{"start":{"line":68,"column":0},"end":{"line":68,"column":12}},"68":{"start":{"line":69,"column":0},"end":{"line":69,"column":23}},"69":{"start":{"line":70,"column":0},"end":{"line":70,"column":25}},"70":{"start":{"line":71,"column":0},"end":{"line":71,"column":12}},"71":{"start":{"line":72,"column":0},"end":{"line":72,"column":27}},"72":{"start":{"line":73,"column":0},"end":{"line":73,"column":23}},"73":{"start":{"line":74,"column":0},"end":{"line":74,"column":12}},"74":{"start":{"line":75,"column":0},"end":{"line":75,"column":23}},"75":{"start":{"line":76,"column":0},"end":{"line":76,"column":27}},"76":{"start":{"line":77,"column":0},"end":{"line":77,"column":12}},"77":{"start":{"line":78,"column":0},"end":{"line":78,"column":44}},"78":{"start":{"line":79,"column":0},"end":{"line":79,"column":24}},"79":{"start":{"line":80,"column":0},"end":{"line":80,"column":12}},"80":{"start":{"line":81,"column":0},"end":{"line":81,"column":3}},"82":{"start":{"line":83,"column":0},"end":{"line":83,"column":10}},"83":{"start":{"line":84,"column":0},"end":{"line":84,"column":8}},"84":{"start":{"line":85,"column":0},"end":{"line":85,"column":69}},"85":{"start":{"line":86,"column":0},"end":{"line":86,"column":28}},"86":{"start":{"line":87,"column":0},"end":{"line":87,"column":27}},"88":{"start":{"line":89,"column":0},"end":{"line":89,"column":69}},"89":{"start":{"line":90,"column":0},"end":{"line":90,"column":10}},"91":{"start":{"line":92,"column":0},"end":{"line":92,"column":1}}},"s":{"0":1,"1":1,"2":1,"3":1,"4":1,"5":1,"6":1,"7":1,"8":1,"9":1,"10":1,"11":1,"12":1,"25":17,"26":17,"27":17,"28":17,"29":17,"30":17,"31":17,"32":17,"33":17,"34":2,"35":1,"36":1,"37":2,"39":17,"40":17,"41":17,"42":1,"43":1,"44":17,"45":1,"46":1,"47":17,"48":1,"49":1,"50":17,"51":5,"52":5,"53":17,"54":1,"55":1,"56":17,"57":1,"58":1,"59":17,"60":1,"61":1,"62":17,"63":1,"64":1,"65":17,"66":1,"67":1,"68":17,"69":1,"70":1,"71":17,"72":1,"73":1,"74":17,"75":1,"76":1,"77":17,"78":1,"79":1,"80":17,"82":17,"83":17,"84":17,"85":17,"86":17,"88":17,"89":17,"91":17},"branchMap":{"0":{"type":"branch","line":26,"loc":{"start":{"line":26,"column":0},"end":{"line":92,"column":1}},"locations":[{"start":{"line":26,"column":0},"end":{"line":92,"column":1}}]},"1":{"type":"branch","line":42,"loc":{"start":{"line":42,"column":4},"end":{"line":44,"column":12}},"locations":[{"start":{"line":42,"column":4},"end":{"line":44,"column":12}}
[...]
7":{"start":{"line":88,"column":0},"end":{"line":88,"column":2}},"89":{"start":{"line":90,"column":0},"end":{"line":90,"column":27}}},"s":{"0":1,"28":1,"29":1,"30":1,"31":1,"32":1,"33":1,"34":1,"35":1,"37":1,"38":1,"39":1,"41":1,"42":1,"43":1,"44":1,"45":1,"47":1,"48":1,"50":1,"51":1,"52":1,"53":1,"54":1,"55":1,"56":1,"58":1,"59":1,"60":1,"61":1,"62":1,"63":1,"64":1,"66":1,"67":1,"68":1,"70":1,"71":1,"72":1,"73":1,"74":1,"75":1,"76":1,"77":1,"78":1,"79":1,"81":1,"82":1,"83":1,"84":1,"85":1,"86":1,"87":1,"89":1},"branchMap":{"0":{"type":"branch","line":29,"loc":{"start":{"line":29,"column":0},"end":{"line":40,"column":1}},"locations":[{"start":{"line":29,"column":0},"end":{"line":40,"column":1}}]},"1":{"type":"branch","line":42,"loc":{"start":{"line":42,"column":0},"end":{"line":49,"column":1}},"locations":[{"start":{"line":42,"column":0},"end":{"line":49,"column":1}}]},"2":{"type":"branch","line":51,"loc":{"start":{"line":51,"column":0},"end":{"line":57,"column":1}},"locations":[{"start":{"line":51,"column":0},"end":{"line":57,"column":1}}]},"3":{"type":"branch","line":59,"loc":{"start":{"line":59,"column":0},"end":{"line":69,"column":1}},"locations":[{"start":{"line":59,"column":0},"end":{"line":69,"column":1}}]},"4":{"type":"branch","line":71,"loc":{"start":{"line":71,"column":0},"end":{"line":80,"column":1}},"locations":[{"start":{"line":71,"column":0},"end":{"line":80,"column":1}}]}},"b":{"0":[1],"1":[1],"2":[1],"3":[1],"4":[1]},"fnMap":{"0":{"name":"createGame","decl":{"start":{"line":29,"column":0},"end":{"line":40,"column":1}},"loc":{"start":{"line":29,"column":0},"end":{"line":40,"column":1}},"line":29},"1":{"name":"getGames","decl":{"start":{"line":42,"column":0},"end":{"line":49,"column":1}},"loc":{"start":{"line":42,"column":0},"end":{"line":49,"column":1}},"line":42},"2":{"name":"startGame","decl":{"start":{"line":51,"column":0},"end":{"line":57,"column":1}},"loc":{"start":{"line":51,"column":0},"end":{"line":57,"column":1}},"line":51},"3":{"name":"getGameById","decl":{"start":{"line":59,"column":0},"end":{"line":69,"column":1}},"loc":{"start":{"line":59,"column":0},"end":{"line":69,"column":1}},"line":59},"4":{"name":"updateTurn","decl":{"start":{"line":71,"column":0},"end":{"line":80,"column":1}},"loc":{"start":{"line":71,"column":0},"end":{"line":80,"column":1}},"line":71}},"f":{"0":1,"1":1,"2":1,"3":1,"4":1}}
,"/home/ulises/IngSoftwareI/Proyecto/frontend/src/services/playerService.ts": {"path":"/home/ulises/IngSoftwareI/Proyecto/frontend/src/services/playerService.ts","all":false,"statementMap":{"0":{"start":{"line":1,"column":0},"end":{"line":1,"column":41}},"34":{"start":{"line":35,"column":0},"end":{"line":35,"column":75}},"35":{"start":{"line":36,"column":0},"end":{"line":36,"column":60}},"36":{"start":{"line":37,"column":0},"end":{"line":37,"column":19}},"37":{"start":{"line":38,"column":0},"end":{"line":38,"column":14}},"38":{"start":{"line":39,"column":0},"end":{"line":39,"column":41}},"39":{"start":{"line":40,"column":0},"end":{"line":40,"column":6}},"40":{"start":{"line":41,"column":0},"end":{"line":41,"column":33}},"41":{"start":{"line":42,"column":0},"end":{"line":42,"column":5}},"43":{"start":{"line":44,"column":0},"end":{"line":44,"column":58}},"44":{"start":{"line":45,"column":0},"end":{"line":45,"column":14}},"45":{"start":{"line":46,"column":0},"end":{"line":46,"column":1}},"46":{"start":{"line":47,"column":0},"end":{"line":47,"column":32}},"47":{"start":{"line":48,"column":0},"end":{"line":48,"column":16}},"48":{"start":{"line":49,"column":0},"end":{"line":49,"column":35}},"49":{"start":{"line":50,"column":0},"end":{"line":50,"column":76}},"50":{"start":{"line":51,"column":0},"end":{"line":51,"column":18}},"51":{"start":{"line":52,"column":0},"end":{"line":52,"column":14}},"52":{"start":{"line":53,"column":0},"end":{"line":53,"column":41}},"53":{"start":{"line":54,"column":0},"end":{"line":54,"column":6}},"54":{"start":{"line":55,"column":0},"end":{"line":55,"column":5}},"56":{"start":{"line":57,"column":0},"end":{"line":57,"column":60}},"57":{"start":{"line":58,"column":0},"end":{"line":58,"column":14}},"58":{"start":{"line":59,"column":0},"end":{"line":59,"column":1}},"60":{"start":{"line":61,"column":0},"end":{"line":61,"column":23}},"61":{"start":{"line":62,"column":0},"end":{"line":62,"column":15}},"62":{"start":{"line":63,"column":0},"end":{"line":63,"column":19}},"63":{"start":{"line":64,"column":0},"end":{"line":64,"column":2}},"65":{"start":{"line":66,"column":0},"end":{"line":66,"column":29}}},"s":{"0":1,"34":1,"35":1,"36":1,"37":1,"38":1,"39":1,"40":1,"41":1,"43":1,"44":1,"45":1,"46":1,"47":1,"48":1,"49":1,"50":1,"51":1,"52":1,"53":1,"54":1,"56":1,"57":1,"58":1,"60":1,"61":1,"62":1,"63":1,"65":1},"branchMap":{"0":{"type":"branch","line":35,"loc":{"start":{"line":35,"column":0},"end":{"line":46,"column":1}},"locations":[{"start":{"line":35,"column":0},"end":{"line":46,"column":1}}]},"1":{"type":"branch","line":47,"loc":{"start":{"line":47,"column":0},"end":{"line":59,"column":1}},"locations":[{"start":{"line":47,"column":0},"end":{"line":59,"column":1}}]}},"b":{"0":[1],"1":[1]},"fnMap":{"0":{"name":"createPlayer","decl":{"start":{"line":35,"column":0},"end":{"line":46,"column":1}},"loc":{"start":{"line":35,"column":0},"end":{"line":46,"column":1}},"line":35},"1":{"name":"getPlayersByGame","decl":{"start":{"line":47,"column":0},"end":{"line":59,"column":1}},"loc":{"start":{"line":47,"column":0},"end":{"line":59,"column":1}},"line":47}},"f":{"0":1,"1":1}}
,"/home/ulises/IngSoftwareI/Proyecto/frontend/src/services/secretService.ts": {"path":"/home/ulises/IngSoftwareI/Proyecto/frontend/src/services/secretService.ts","all":false,"statementMap":{"0":{"start":{"line":1,"column":0},"end":{"line":1,"column":41}},"11":{"start":{"line":12,"column":0},"end":{"line":12,"column":34}},"12":{"start":{"line":13,"column":0},"end":{"line":13,"column":19}},"13":{"start":{"line":14,"column":0},"end":{"line":14,"column":30}},"14":{"start":{"line":15,"column":0},"end":{"line":15,"column":79}},"15":{"start":{"line":16,"column":0},"end":{"line":16,"column":18}},"16":{"start":{"line":17,"column":0},"end":{"line":17,"column":14}},"17":{"start":{"line":18,"column":0},"end":{"line":18,"column":41}},"18":{"start":{"line":19,"column":0},"end":{"line":19,"column":6}},"19":{"start":{"line":20,"column":0},"end":{"line":20,"column":5}},"20":{"start":{"line":21,"column":0},"end":{"line":21,"column":37}},"22":{"start":{"line":23,"column":0},"end":{"line":23,"column":14}},"23":{"start":{"line":24,"column":0},"end":{"line":24,"column":1}},"25":{"start":{"line":26,"column":0},"end":{"line":26,"column":73}},"26":{"start":{"line":27,"column":0},"end":{"line":27,"column":80}},"27":{"start":{"line":28,"column":0},"end":{"line":28,"column":18}},"28":{"start":{"line":29,"column":0},"end":{"line":29,"column":14}},"29":{"start":{"line":30,"column":0},"end":{"line":30,"column":41}},"30":{"start":{"line":31,"column":0},"end":{"line":31,"column":6}},"31":{"start":{"line":32,"column":0},"end":{"line":32,"column":5}},"32":{"start":{"line":33,"column":0},"end":{"line":33,"column":37}},"33":{"start":{"line":34,"column":0},"end":{"line":34,"column":14}},"34":{"start":{"line":35,"column":0},"end":{"line":35,"column":1}},"36":{"start":{"line":37,"column":0},"end":{"line":37,"column":71}},"37":{"start":{"line":38,"column":0},"end":{"line":38,"column":78}},"38":{"start":{"line":39,"column":0},"end":{"line":39,"column":18}},"39":{"start":{"line":40,"column":0},"end":{"line":40,"column":14}},"40":{"start":{"line":41,"column":0},"end":{"line":41,"column":41}},"41":{"start":{"line":42,"column":0},"end":{"line":42,"column":6}},"42":{"start":{"line":43,"column":0},"end":{"line":43,"column":5}},"43":{"start":{"line":44,"column":0},"end":{"line":44,"column":37}},"44":{"start":{"line":45,"column":0},"end":{"line":45,"column":14}},"45":{"start":{"line":46,"column":0},"end":{"line":46,"column":1}},"47":{"start":{"line":48,"column":0},"end":{"line":48,"column":27}},"48":{"start":{"line":49,"column":0},"end":{"line":49,"column":20}},"49":{"start":{"line":50,"column":0},"end":{"line":50,"column":19}},"50":{"start":{"line":51,"column":0},"end":{"line":51,"column":28}},"51":{"start":{"line":52,"column":0},"end":{"line":52,"column":31}},"52":{"start":{"line":53,"column":0},"end":{"line":53,"column":63}},"53":{"start":{"line":54,"column":0},"end":{"line":54,"column":5}},"54":{"start":{"line":55,"column":0},"end":{"line":55,"column":20}},"55":{"start":{"line":56,"column":0},"end":{"line":56,"column":16}},"56":{"start":{"line":57,"column":0},"end":{"line":57,"column":43}},"57":{"start":{"line":58,"column":0},"end":{"line":58,"column":8}},"58":{"start":{"line":59,"column":0},"end":{"line":59,"column":5}},"59":{"start":{"line":60,"column":0},"end":{"line":60,"column":4}},"60":{"start":{"line":61,"column":0},"end":{"line":61,"column":37}},"61":{"start":{"line":62,"column":0},"end":{"line":62,"column":14}},"62":{"start":{"line":63,"column":0},"end":{"line":63,"column":1}},"64":{"start":{"line":65,"column":0},"end":{"line":65,"column":23}},"65":{"start":{"line":66,"column":0},"end":{"line":66,"column":21}},"66":{"start":{"line":67,"column":0},"end":{"line":67,"column":15}},"67":{"start":{"line":68,"column":0},"end":{"line":68,"column":13}},"68":{"start":{"line":69,"column":0},"end":{"line":69,"column":14}},"69":{"start":{"line":70,"column":0},"end":{"line":70,"column":2}},"71":{"start":{"line":72,"column":0},"end":{"line":72,"column":29}}},"s":{"0":1,"11":1,"12":1,"13":1,"14":1,"15":1,"16":1,"17":1,"18":1,"19":1,"20":1,"22":1,"23":1,"25":1,"26":1,"27":1,"28":1,"29":1,"30":1,"31":1,"32":1,"33":1,"34":1,"36":1,"37":1,"38":1,"39":1,"40":1,"41":1,"42":1,"43":1,"44":1,"45":1,"47":1,"48":1,"49":1,"50":1,"51":1,"52":1,"53":1,"54":1,"55":1,"56":1,"57":1,"58":1,"59":1,"60":1,"61":1,"62":1,"64":1,"65":1,"66":1,"67":1,"68":1,"69":1,"71":1},"branchMap":{"0":{"type":"branch","line":12,"loc":{"start":{"line":12,"column":0},"end":{"line":24,"column":1}},"locations":[{"start":{"line":12,"column":0},"end":{"line":24,"column":1}}]},"1":{"type":"branch","line":26,"loc":{"start":{"line":26,"column":0},"end":{"line":35,"column":1}},"locations":[{"start":{"line":26,"column":0},"end":{"line":35,"column":1}}]},"2":{"type":"branch","line":37,"loc":{"start":{"line":37,"column":0},"end":{"line":46,"column":1}},"locations":[{"start":{"line":37,"column":0},"end":{"line":46,"column":1}}]},"3":{"type":"branch","line":48,"loc":{"start":{"line":48,"column":0},"end":{"line":63,"column":1}},"locations":[{"start":{"line":48,"column":0},"end":{"line":63,"column":1}}]}},"b":{"0":[1],"1":[1],"2":[1],"3":[1]},"fnMap":{"0":{"name":"getSecretsByPlayer","decl":{"start":{"line":12,"column":0},"end":{"line":24,"column":1}},"loc":{"start":{"line":12,"column":0},"end":{"line":24,"column":1}},"line":12},"1":{"name":"revealSecret","decl":{"start":{"line":26,"column":0},"end":{"line":35,"column":1}},"loc":{"start":{"line":26,"column":0},"end":{"line":35,"column":1}},"line":26},"2":{"name":"hideSecret","decl":{"start":{"line":37,"column":0},"end":{"line":46,"column":1}},"loc":{"start":{"line":37,"column":0},"end":{"line":46,"column":1}},"line":37},"3":{"name":"stealSecret","decl":{"start":{"line":48,"column":0},"end":{"line":63,"column":1}},"loc":{"start":{"line":48,"column":0},"end":{"line":63,"column":1}},"line":48}},"f":{"0":1,"1":1,"2":1,"3":1}}
,"/home/ulises/IngSoftwareI/Proyecto/frontend/src/services/setService.ts": {"path":"/home/ulises/IngSoftwareI/Proyecto/frontend/src/services/setService.ts","all":false,"statementMap":{"1":{"start":{"line":2,"column":0},"end":{"line":2,"column":41}},"11":{"start":{"line":12,"column":0},"end":{"line":12,"column":67}},"12":{"start":{"line":13,"column":0},"end":{"line":13,"column":75}},"13":{"start":{"line":14,"column":0},"end":{"line":14,"column":18}},"14":{"start":{"line":15,"column":0},"end":{"line":15,"column":14}},"15":{"start":{"line":16,"column":0},"end":{"line":16,"column":41}},"16":{"start":{"line":17,"column":0},"end":{"line":17,"column":6}},"17":{"start":{"line":18,"column":0},"end":{"line":18,"column":5}},"18":{"start":{"line":19,"column":0},"end":{"line":19,"column":21}},"19":{"start":{"line":20,"column":0},"end":{"line":20,"column":44}},"20":{"start":{"line":21,"column":0},"end":{"line":21,"column":65}},"21":{"start":{"line":22,"column":0},"end":{"line":22,"column":3}},"22":{"start":{"line":23,"column":0},"end":{"line":23,"column":25}},"23":{"start":{"line":24,"column":0},"end":{"line":24,"column":1}},"25":{"start":{"line":26,"column":0},"end":{"line":26,"column":77}},"26":{"start":{"line":27,"column":0},"end":{"line":27,"column":79}},"27":{"start":{"line":28,"column":0},"end":{"line":28,"column":19}},"28":{"start":{"line":29,"column":0},"end":{"line":29,"column":14}},"29":{"start":{"line":30,"column":0},"end":{"line":30,"column":41}},"30":{"start":{"line":31,"column":0},"end":{"line":31,"column":6}},"31":{"start":{"line":32,"column":0},"end":{"line":32,"column":5}},"32":{"start":{"line":33,"column":0},"end":{"line":33,"column":21}},"33":{"start":{"line":34,"column":0},"end":{"line":34,"column":44}},"34":{"start":{"line":35,"column":0},"end":{"line":35,"column":62}},"35":{"start":{"line":36,"column":0},"end":{"line":36,"column":3}},"36":{"start":{"line":37,"column":0},"end":{"line":37,"column":25}},"37":{"start":{"line":38,"column":0},"end":{"line":38,"column":1}},"39":{"start":{"line":40,"column":0},"end":{"line":40,"column":24}},"40":{"start":{"line":41,"column":0},"end":{"line":41,"column":16}},"41":{"start":{"line":42,"column":0},"end":{"line":42,"column":16}},"42":{"start":{"line":43,"column":0},"end":{"line":43,"column":15}},"43":{"start":{"line":44,"column":0},"end":{"line":44,"column":25}},"44":{"start":{"line":45,"column":0},"end":{"line":45,"column":31}},"45":{"start":{"line":46,"column":0},"end":{"line":46,"column":59}},"46":{"start":{"line":47,"column":0},"end":{"line":47,"column":5}},"47":{"start":{"line":48,"column":0},"end":{"line":48,"column":21}},"48":{"start":{"line":49,"column":0},"end":{"line":49,"column":16}},"49":{"start":{"line":50,"column":0},"end":{"line":50,"column":43}},"50":{"start":{"line":51,"column":0},"end":{"line":51,"column":8}},"51":{"start":{"line":52,"column":0},"end":{"line":52,"column":5}},"52":{"start":{"line":53,"column":0},"end":{"line":53,"column":4}},"53":{"start":{"line":54,"column":0},"end":{"line":54,"column":21}},"54":{"start":{"line":55,"column":0},"end":{"line":55,"column":44}},"55":{"start":{"line":56,"column":0},"end":{"line":56,"column":62}},"56":{"start":{"line":57,"column":0},"end":{"line":57,"column":3}},"57":{"start":{"line":58,"column":0},"end":{"line":58,"column":25}},"58":{"start":{"line":59,"column":0},"end":{"line":59,"column":1}},"60":{"start":{"line":61,"column":0},"end":{"line":61,"column":24}},"61":{"start":{"line":62,"column":0},"end":{"line":62,"column":20}},"62":{"start":{"line":63,"column":0},"end":{"line":63,"column":16}},"63":{"start":{"line":64,"column":0},"end":{"line":64,"column":25}},"64":{"start":{"line":65,"column":0},"end":{"line":65,"column":31}},"65":{"start":{"line":66,"column":0},"end":{"line":66,"column":57}},"66":{"start":{"line":67,"column":0},"end":{"line":67,"column":5}},"67":{"start":{"line":68,"column":0},"end":{"line":68,"column":20}},"68":{"start":{"line":69,"column":0},"end":{"line":69,"column":16}},"69":{"start":{"line":70,"column":0},"end":{"line":70,"column":43}},"70":{"start":{"line":71,"column":0},"end":{"line":71,"column":8}},"71":{"start":{"line":72,"column":0},"end":{"line":72,"column":5}},"72":{"start":{"line":73,"column":0},"end":{"line":73,"column":4}},"73":{"start":{"line":74,"column":0},"end":{"line":74,"column":21}},"74":{"start":{"line":75,"column":0},"end":{"line":75,"column":44}},"75":{"start":{"line":76,"column":0},"end":{"line":76,"column":62}},"76":{"start":{"line":77,"column":0},"end":{"line":77,"column":3}},"77":{"start":{"line":78,"column":0},"end":{"line":78,"column":25}},"78":{"start":{"line":79,"column":0},"end":{"line":79,"column":1}},"80":{"start":{"line":81,"column":0},"end":{"line":81,"column":20}},"81":{"start":{"line":82,"column":0},"end":{"line":82,"column":10}},"82":{"start":{"line":83,"column":0},"end":{"line":83,"column":11}},"83":{"start":{"line":84,"column":0},"end":{"line":84,"column":11}},"84":{"start":{"line":85,"column":0},"end":{"line":85,"column":11}},"85":{"start":{"line":86,"column":0},"end":{"line":86,"column":2}},"87":{"start":{"line":88,"column":0},"end":{"line":88,"column":26}}},"s":{"1":1,"11":2,"12":2,"13":2,"14":2,"15":2,"16":2,"17":2,"18":2,"19":1,"20":1,"21":1,"22":1,"23":1,"25":2,"26":2,"27":2,"28":2,"29":2,"30":2,"31":2,"32":2,"33":1,"34":1,"35":1,"36":1,"37":1,"39":2,"40":2,"41":2,"42":2,"43":2,"44":2,"45":2,"46":2,"47":2,"48":2,"49":2,"50":2,"51":2,"52":2,"53":2,"54":1,"55":1,"56":1,"57":1,"58":1,"60":2,"61":2,"62":2,"63":2,"64":2,"65":2,"66":2,"67":2,"68":2,"69":2,"70":2,"71":2,"72":2,"73":2,"74":1,"75":1,"76":1,"77":1,"78":1,"80":1,"81":1,"82":1,"83":1,"84":1,"85":1,"87":1},"branchMap":{"0":{"type":"branch","line":12,"loc":{"start":{"line":12,"column":0},"end":{"line":24,"column":1}},"locations":[{"start":{"line":12,"column":0},"end":{"line":24,"column":1}}]},"1":{"type":"branch","line":19,"loc":{"start":{"line":19,"column":20},"end":{"line":24,"column":1}},"locations":[{"start":{"line":19,"column":20},"end":{"line":24,"column":1}}]},"2":{"type":"branch","line":21,"loc":{"start":{"line":21,"column":30},"end":{"line":21,"column":63}},"locations":[{"start":{"line":21,"column":30},"end":{"line":21,"column":63}}]},"3":{"type":"branch","line":26,"loc":{"start":{"line":26,"column":0},"end":{"line":38,"column":1}},"locations":[{"start":{"line":26,"column":0},"end":{"line":38,"column":1}}]},"4":{"type":"branch","line":33,"loc":{"start":{"line":33,"column":20},"end":{"line":38,"column":1}},"locations":[{"start":{"line":33,"column":20},"end":{"line":38,"column":1}}]},"5":{"type":"branch","line":35,"loc":{"start":{"line":35,"column":30},"end":{"line":35,"column":60}},"locations":[{"start":{"line":35,"column":30},"end":{"line":35,"column":60}}]},"6":{"type":"branch","line":40,"loc":{"start":{"line":40,"column":0},"end":{"line":59,"column":1}},"locations":[{"start":{"line":40,"column":0},"end":{"line":59,"column":1}}]},"7":{"type":"branch","line":54,"loc":{"start":{"line":54,"column":20},"end":{"line":59,"column":1}},"locations":[{"start":{"line":54,"column":20},"end":{"line":59,"column":1}}]},"8":{"type":"branch","line":56,"loc":{"start":{"line":56,"column":30},"end":{"line":56,"column":60}},"locations":[{"start":{"line":56,"column":30},"end":{"line":56,"column":60}}]},"9":{"type":"branch","line":61,"loc":{"start":{"line":61,"column":0},"end":{"line":79,"column":1}},"locations":[{"start":{"line":61,"column":0},"end":{"line":79,"column":1}}]},"10":{"type":"branch","line":74,"loc":{"start":{"line":74,"column":20},"end":{"line":79,"column":1}},"locations":[{"start":{"line":74,"column":20},"end":{"line":79,"column":1}}]},"11":{"type":"branch","line":76,"loc":{"start":{"line":76,"column":30},"end":{"line":76,"column":60}},"locations":[{"start":{"line":76,"column":30},"end":{"line":76,"column":60}}]}},"b":{"0":[2],"1":[1],"2":[0],"3":[2],"4":[1],"5":[0],"6":[2],"7":[1],"8":[0],"9":[2],"10":[1],"11":[0]},"fnMap":{"0":{"name":"getSets","decl":{"start":{"line":12,"column":0},"end":{"line":24,"column":1}},"loc":{"start":{"line":12,"column":0},"end":{"line":24,"column":1}},"line":12},"1":{"name":"playSet2","decl":{"start":{"line":26,"column":0},"end":{"line":38,"column":1}},"loc":{"start":{"line":26,"column":0},"end":{"line":38,"column":1}},"line":26},"2":{"name":"playSet3","decl":{"start":{"line":40,"column":0},"end":{"line":59,"column":1}},"loc":{"start":{"line":40,"column":0},"end":{"line":59,"column":1}},"line":40},"3":{"name":"stealSet","decl":{"start":{"line":61,"column":0},"end":{"line":79,"column":1}},"loc":{"start":{"line":61,"column":0},"end":{"line":79,"column":1}},"line":61}},"f":{"0":2,"1":2,"2":2,"3":2}}
}
